#
# An unexpected error has been detected by HotSpot Virtual Machine:
#
#  EXCEPTION_ACCESS_VIOLATION (0xc0000005) at pc=0x6d741e62, pid=3652, tid=4028
#
# Java VM: Java HotSpot(TM) Client VM (1.5.0_22-b03 mixed mode)
# Problematic frame:
# V  [jvm.dll+0x1e62]
#

---------------  T H R E A D  ---------------

Current thread (0x0159fe08):  VMThread [id=4028]

siginfo: ExceptionCode=0xc0000005, reading address 0x00000050

Registers:
EAX=0x00000000, EBX=0x63ab0000, ECX=0x005eb20c, EDX=0x005eb20c
ESP=0x003df624, EBP=0x003df64c, ESI=0x45040398, EDI=0x45040398
EIP=0x6d741e62, EFLAGS=0x00010246

Top of Stack: (sp=0x003df624)
0x003df624:   45040398 45040398 6d83c45e 005eb20c
0x003df634:   6d74d395 45040398 003df690 003df690
0x003df644:   014e49a0 014de0e8 003df680 6d795aa7
0x003df654:   45040690 6d7b4293 45040690 014ddf08
0x003df664:   6d7b4925 014de0b0 6d795712 003df690
0x003df674:   00000000 00000002 014e4950 003df69c
0x003df684:   6d7b426c 003df690 00000000 6d876d14
0x003df694:   45040690 00000000 45040690 6d7b0699 

Instructions: (pc=0x6d741e62)
0x6d741e52:   07 c1 e8 02 25 fe ff ff 3f eb 08 8b 02 56 8b ca
0x6d741e62:   ff 50 50 5e c2 04 00 e9 00 00 00 00 a1 bc 6d 8b 


Stack: [0x003a0000,0x003e0000),  sp=0x003df624,  free space=253k
Native frames: (J=compiled Java code, j=interpreted, Vv=VM code, C=native code)
V  [jvm.dll+0x1e62]
V  [jvm.dll+0x55aa7]
V  [jvm.dll+0x7426c]

VM_Operation (0x64aff9d8): full generation collection, mode: safepoint, requested by thread 0x645f6998


---------------  P R O C E S S  ---------------

Java Threads: ( => current thread )
  0x69cc8718 JavaThread "" daemon [_thread_blocked, id=3812]
  0x69cc8590 JavaThread "
[error occurred during error reporting, step 170, id 0xc0000005]

VM state:at safepoint (normal execution)

VM Mutex/Monitor currently owned by a thread:  ([mutex/lock_event])
[0x005c82e0/0x000000e4] Threads_lock - owner thread: 0x0159fe08
[0x014d1510/0x00000120] Heap_lock - owner thread: 0x645f6998

Heap
 def new generation   total 36864K, used 23798K [0x035c0000, 0x05db0000, 0x08480000)
  eden space 32832K,  68% used [0x035c0000, 0x04b93990, 0x055d0000)
  from space 4032K,  35% used [0x055d0000, 0x0573a018, 0x059c0000)
  to   space 4032K,   0% used [0x059c0000, 0x059c0000, 0x05db0000)
 tenured generation   total 483968K, used 220038K [0x08480000, 0x25d20000, 0x435c0000)
   the space 483968K,  45% used [0x08480000, 0x15b61b40, 0x155b7200, 0x25d20000)
 compacting perm gen  total 82688K, used 82585K [0x435c0000, 0x48680000, 0x635c0000)
   the space 82688K,  99% used [0x435c0000, 0x48666528, 0x4862b800, 0x48680000)
No shared spaces configured.

Dynamic libraries:
0x00400000 - 0x0040d000 	C:\Program Files\Java\jdk1.5.0_22\bin\javaw.exe
0x76dd0000 - 0x76f0c000 	C:\Windows\SYSTEM32\ntdll.dll
0x76f10000 - 0x76fe4000 	C:\Windows\system32\kernel32.dll
0x751d0000 - 0x7521a000 	C:\Windows\system32\KERNELBASE.dll
0x76870000 - 0x76910000 	C:\Windows\system32\ADVAPI32.dll
0x766d0000 - 0x7677c000 	C:\Windows\system32\msvcrt.dll
0x75470000 - 0x75489000 	C:\Windows\SYSTEM32\sechost.dll
0x755d0000 - 0x75671000 	C:\Windows\system32\RPCRT4.dll
0x753a0000 - 0x75469000 	C:\Windows\system32\USER32.dll
0x76950000 - 0x7699e000 	C:\Windows\system32\GDI32.dll
0x765b0000 - 0x765ba000 	C:\Windows\system32\LPK.dll
0x76b30000 - 0x76bcd000 	C:\Windows\system32\USP10.dll
0x75220000 - 0x7523f000 	C:\Windows\system32\IMM32.DLL
0x75880000 - 0x7594c000 	C:\Windows\system32\MSCTF.dll
0x6d740000 - 0x6d8de000 	C:\Program Files\Java\jdk1.5.0_22\jre\bin\client\jvm.dll
0x734f0000 - 0x73522000 	C:\Windows\system32\WINMM.dll
0x74e50000 - 0x74e9b000 	C:\Windows\system32\apphelp.dll
0x6d300000 - 0x6d308000 	C:\Program Files\Java\jdk1.5.0_22\jre\bin\hpi.dll
0x75820000 - 0x75825000 	C:\Windows\system32\PSAPI.DLL
0x6d400000 - 0x6d435000 	C:\Program Files\Java\jdk1.5.0_22\jre\bin\jdwp.dll
0x6d710000 - 0x6d71c000 	C:\Program Files\Java\jdk1.5.0_22\jre\bin\verify.dll
0x6d380000 - 0x6d39d000 	C:\Program Files\Java\jdk1.5.0_22\jre\bin\java.dll
0x6d730000 - 0x6d73f000 	C:\Program Files\Java\jdk1.5.0_22\jre\bin\zip.dll
0x6d290000 - 0x6d297000 	C:\Program Files\Java\jdk1.5.0_22\jre\bin\dt_socket.dll
0x76910000 - 0x76945000 	C:\Windows\system32\WS2_32.dll
0x76ff0000 - 0x76ff6000 	C:\Windows\system32\NSI.dll
0x73f50000 - 0x73f60000 	C:\Windows\system32\NLAapi.dll
0x74990000 - 0x749cc000 	C:\Windows\System32\mswsock.dll
0x74850000 - 0x74894000 	C:\Windows\system32\DNSAPI.dll
0x70a70000 - 0x70a78000 	C:\Windows\System32\winrnr.dll
0x70a60000 - 0x70a70000 	C:\Windows\system32\napinsp.dll
0x70a00000 - 0x70a12000 	C:\Windows\system32\pnrpnsp.dll
0x737e0000 - 0x737fc000 	C:\Windows\system32\IPHLPAPI.DLL
0x733e0000 - 0x733e7000 	C:\Windows\system32\WINNSI.DLL
0x73170000 - 0x731a8000 	C:\Windows\System32\fwpuclnt.dll
0x70390000 - 0x70396000 	C:\Windows\system32\rasadhlp.dll
0x744b0000 - 0x744b5000 	C:\Windows\System32\wshtcpip.dll
0x6d540000 - 0x6d553000 	C:\Program Files\Java\jdk1.5.0_22\jre\bin\net.dll
0x74980000 - 0x74986000 	C:\Windows\System32\wship6.dll
0x749d0000 - 0x749e6000 	C:\Windows\system32\CRYPTSP.dll
0x74770000 - 0x747ab000 	C:\Windows\system32\rsaenh.dll
0x74580000 - 0x74597000 	C:\Windows\system32\USERENV.dll
0x74f20000 - 0x74f2b000 	C:\Windows\system32\profapi.dll
0x74ea0000 - 0x74eac000 	C:\Windows\system32\CRYPTBASE.dll
0x6d560000 - 0x6d569000 	C:\Program Files\Java\jdk1.5.0_22\jre\bin\nio.dll

VM Arguments:
jvm_args: -agentlib:jdwp=transport=dt_socket,suspend=y,address=localhost:52129 -Dprogram.name=run.bat -Djava.endorsed.dirs=C:/jboss-4.0.1sp1/bin/../lib/endorsed -Xms512m -Xmx1024m -XX:MaxPermSize=512m -Dfile.encoding=Cp1252 -Xbootclasspath:C:\Program Files\Java\jre1.5.0_22\lib\rt.jar;C:\Program Files\Java\jre1.5.0_22\lib\jsse.jar;C:\Program Files\Java\jre1.5.0_22\lib\jce.jar;C:\Program Files\Java\jre1.5.0_22\lib\charsets.jar;C:\Program Files\Java\jre1.5.0_22\lib\ext\dnsns.jar;C:\Program Files\Java\jre1.5.0_22\lib\ext\localedata.jar;C:\Program Files\Java\jre1.5.0_22\lib\ext\sunjce_provider.jar;C:\Program Files\Java\jre1.5.0_22\lib\ext\sunpkcs11.jar
java_command: org.jboss.Main -c default
Launcher Type: SUN_STANDARD

Environment Variables:
JAVA_HOME=C:\Program Files\Java\jdk1.5.0_22
PATH=C:\Program Files\Java\jdk1.5.0_22\jre\bin;C:/Program Files/Java/jre6/bin/client;C:/Program Files/Java/jre6/bin;C:\Windows\system32;C:\Windows;C:\Windows\System32\Wbem;C:\Windows\System32\WindowsPowerShell\v1.0\;C:\Program Files\TortoiseSVN\bin;C:\ant\bin
USERNAME=Felipe
OS=Windows_NT
PROCESSOR_IDENTIFIER=x86 Family 6 Model 23 Stepping 10, GenuineIntel



---------------  S Y S T E M  ---------------

OS: Windows 7 Build 7600 

CPU:total 2 (cores per cpu 2, threads per core 1) family 6 model 7 stepping 10, cmov, cx8, fxsr, mmx, sse, sse2

Memory: 4k page, physical 2057112k(47060k free), swap 4114224k(1108876k free)

vm_info: Java HotSpot(TM) Client VM (1.5.0_22-b03) for windows-x86, built on Oct  9 2009 01:15:45 by "java_re" with MS VC++ 6.0

time: Thu Oct 25 16:01:31 2012
elapsed time: 871 seconds

