#
# An unexpected error has been detected by HotSpot Virtual Machine:
#
#  EXCEPTION_ACCESS_VIOLATION (0xc0000005) at pc=0x6d741e39, pid=2244, tid=2176
#
# Java VM: Java HotSpot(TM) Client VM (1.5.0_22-b03 mixed mode)
# Problematic frame:
# V  [jvm.dll+0x1e39]
#

---------------  T H R E A D  ---------------

Current thread (0x014efe08):  VMThread [id=2176]

siginfo: ExceptionCode=0xc0000005, reading address 0x010041c5

Registers:
EAX=0x010041c1, EBX=0x63a00000, ECX=0x488de668, EDX=0x010041c1
ESP=0x003ef628, EBP=0x003ef64c, ESI=0x488de668, EDI=0x488de668
EIP=0x6d741e39, EFLAGS=0x00010212

Top of Stack: (sp=0x003ef628)
0x003ef628:   488de668 6d83c45e 010041c1 6d74d395
0x003ef638:   488de668 003ef690 003ef690 014349a0
0x003ef648:   0142e0e8 003ef680 6d795aa7 488dea10
0x003ef658:   6d7b4293 488dea10 0142df08 6d7b4925
0x003ef668:   0142e0b0 6d795712 003ef690 00000000
0x003ef678:   00000002 01434950 003ef69c 6d7b426c
0x003ef688:   003ef690 00000000 6d876d14 488dea10
0x003ef698:   00000000 488dea10 6d7b0699 488dea10 

Instructions: (pc=0x6d741e39)
0x6d741e29:   e8 c2 49 06 00 5f 5e c9 c3 8b 54 24 04 56 8b f1
0x6d741e39:   8b 42 04 85 c0 7f 25 7d 1b 83 c9 ff 2b c8 8b 46 


Stack: [0x003b0000,0x003f0000),  sp=0x003ef628,  free space=253k
Native frames: (J=compiled Java code, j=interpreted, Vv=VM code, C=native code)
V  [jvm.dll+0x1e39]
V  [jvm.dll+0x55aa7]
V  [jvm.dll+0x7426c]

VM_Operation (0x64a5f9d8): full generation collection, mode: safepoint, requested by thread 0x644c3270


---------------  P R O C E S S  ---------------

Java Threads: ( => current thread )
  0x6a6cce28 JavaThread "TP-Monitor" daemon [_thread_blocked, id=4192]
  0x6a6ccca0 JavaThread "TP-Processor4" daemon [_thread_in_native, id=4188]
  0x6a6ccb18 JavaThread "TP-Processor3" daemon [_thread_blocked, id=4184]
  0x6a6cc990 JavaThread "TP-Processor2" daemon [_thread_blocked, id=4180]
  0x6a8bbc20 JavaThread "TP-Processor1" daemon [_thread_blocked, id=4176]
  0x6a6cc808 JavaThread "http-0.0.0.0-8080-Monitor" [_thread_blocked, id=4172]
  0x6a6cc680 JavaThread "http-0.0.0.0-8080-Processor25" daemon [_thread_blocked, id=4168]
  0x6a6cc4f8 JavaThread "http-0.0.0.0-8080-Processor24" daemon [_thread_blocked, id=4164]
  0x6a6cc370 JavaThread "http-0.0.0.0-8080-Processor23" daemon [_thread_blocked, id=4160]
  0x6a6cc1e8 JavaThread "http-0.0.0.0-8080-Processor22" daemon [_thread_blocked, id=4156]
  0x6a6cc060 JavaThread "http-0.0.0.0-8080-Processor21" daemon [_thread_blocked, id=4152]
  0x6a8bd938 JavaThread "http-0.0.0.0-8080-Processor20" daemon [_thread_in_native, id=4148]
  0x6a8bd7b0 JavaThread "http-0.0.0.0-8080-Processor19" daemon [_thread_blocked, id=4144]
  0x6a8bd628 JavaThread "http-0.0.0.0-8080-Processor18" daemon [_thread_blocked, id=4140]
  0x6a8bd4a0 JavaThread "http-0.0.0.0-8080-Processor17" daemon [_thread_blocked, id=4136]
  0x6a8bd318 JavaThread "http-0.0.0.0-8080-Processor16" daemon [_thread_blocked, id=4132]
  0x6a8bd190 JavaThread "http-0.0.0.0-8080-Processor15" daemon [_thread_blocked, id=4128]
  0x6a8bd008 JavaThread "http-0.0.0.0-8080-Processor14" daemon [_thread_blocked, id=4124]
  0x6a8bce80 JavaThread "http-0.0.0.0-8080-Processor13" daemon [_thread_blocked, id=4120]
  0x6a8bccf8 JavaThread "http-0.0.0.0-8080-Processor12" daemon [_thread_blocked, id=4116]
  0x6a8bcb70 JavaThread "http-0.0.0.0-8080-Processor11" daemon [_thread_blocked, id=4112]
  0x6a8bc9e8 JavaThread "http-0.0.0.0-8080-Processor10" daemon [_thread_blocked, id=4108]
  0x6a8bc860 JavaThread "http-0.0.0.0-8080-Processor9" daemon [_thread_blocked, id=4104]
  0x6a8bc6d8 JavaThread "http-0.0.0.0-8080-Processor8" daemon [_thread_blocked, id=4100]
  0x6a8bc550 JavaThread "http-0.0.0.0-8080-Processor7" daemon [_thread_blocked, id=2368]
  0x6a8bc3c8 JavaThread "http-0.0.0.0-8080-Processor6" daemon [_thread_blocked, id=3088]
  0x6a8bc240 JavaThread "http-0.0.0.0-8080-Processor5" daemon [_thread_blocked, id=4040]
  0x6a8bc0b8 JavaThread "http-0.0.0.0-8080-Processor4" daemon [_thread_blocked, id=3908]
  0x6a8bbf30 JavaThread "http-0.0.0.0-8080-Processor3" daemon [_thread_blocked, id=3768]
  0x6a8bbda8 JavaThread "http-0.0.0.0-8080-Processor2" daemon [_thread_blocked, id=1140]
  0x699f74f8 JavaThread "http-0.0.0.0-8080-Processor1" daemon [_thread_blocked, id=2876]
  0x699f7990 JavaThread "JBossLifeThread" [_thread_blocked, id=3012]
  0x699f6d50 JavaThread "IdleRemover" [_thread_blocked, id=352]
  0x69f802c8 JavaThread "Connection Consumer for dest Subscription[subId=-2147483648connection=ConnectionToken:ID:251/89215299a0c61957125100a3e9ce019f destination=QUEUE.ControladorBatchMicromedicaoGCOM messageSelector=null Local Create] id=126" [_thread_blocked, id=3772]
  0x69f80140 JavaThread "Connection Consumer for dest Subscription[subId=-2147483648connection=ConnectionToken:ID:249/5630d589c6633bf95335d9c437f76314 destination=QUEUE.ControladorBatchFaturamentoGCOM messageSelector=null Local Create] id=125" [_thread_blocked, id=3452]
  0x69f7ffb8 JavaThread "Connection Consumer for dest Subscription[subId=-2147483648connection=ConnectionToken:ID:247/7ecdcb8279d475e986af4f1cd3bfeaf4 destination=QUEUE.ControladorBatchArrecadacaoGCOM messageSelector=null Local Create] id=124" [_thread_blocked, id=2920]
  0x69f7fe30 JavaThread "Connection Consumer for dest Subscription[subId=-2147483648connection=ConnectionToken:ID:245/ad2e2b50deadd9c7b0588b36be09a867 destination=QUEUE.BatchVerificarFaturamentoImoveisCortadosMDB messageSelector=null Local Create] id=123" [_thread_blocked, id=3532]
  0x69f7fca8 JavaThread "Connection Consumer for dest Subscription[subId=-2147483648connection=ConnectionToken:ID:243/cd7b6ddbe05ebbd1618e2252bb023056 destination=QUEUE.BatchSuspenderImovelEmProgramaEspecialMDB messageSelector=null Local Create] id=122" [_thread_blocked, id=536]
  0x69f7fb20 JavaThread "Connection Consumer for dest Subscription[subId=-2147483648connection=ConnectionToken:ID:241/d3f89ea946d87b53e18b44f6138151a2 destination=QUEUE.BatchRetificarConjuntoContaConsumosMDB messageSelector=null Local Create] id=121" [_thread_blocked, id=3996]
  0x69f7f998 JavaThread "Connection Consumer for dest Subscription[subId=-2147483648connection=ConnectionToken:ID:239/b11db669558c9f4b3a569b8ae09e2553 destination=QUEUE.BatchReligarImoveisCortadosComConsumoRealMDB messageSelector=null Local Create] id=120" [_thread_blocked, id=1616]
  0x69f7f810 JavaThread "Connection Consumer for dest Subscription[subId=-2147483648connection=ConnectionToken:ID:237/13b111f416e73ac2372a20e9e37b0936 destination=QUEUE.BatchRelatorioContasBaixadasContabilmenteMDB messageSelector=null Local Create] id=119" [_thread_blocked, id=2492]
  0x69a22bf8 JavaThread "Connection Consumer for dest Subscription[subId=-2147483648connection=ConnectionToken:ID:235/3ca52463aa5ed4fcdb0c9adacf540a4d destination=QUEUE.BatchPrescreverDebitosImoveisPublicosManualMDB messageSelector=null Local Create] id=118" [_thread_blocked, id=2696]
  0x69a22a70 JavaThread "Connection Consumer for dest Subscription[subId=-2147483648connection=ConnectionToken:ID:233/b1c7446ae9cf02ac1036ee35c98ddcd6 destination=QUEUE.BatchPrescreverDebitosImoveisPublicosAutomaticoMDB messageSelector=null Local Create] id=117" [_thread_blocked, id=1732]
  0x69a228e8 JavaThread "Connection Consumer for dest Subscription[subId=-2147483648connection=ConnectionToken:ID:231/f61f01b365c799df1b40dd68126082d8 destination=QUEUE.BatchInserirResumoAcoesCobrancaEventualMDB messageSelector=null Local Create] id=116" [_thread_blocked, id=1636]
  0x69a22760 JavaThread "Connection Consumer for dest Subscription[subId=-2147483648connection=ConnectionToken:ID:229/8c2d50cf76510eee4de9d14f9bd3f045 destination=QUEUE.BatchInserirResumoAcoesCobrancaCronogramaMDB messageSelector=null Local Create] id=115" [_thread_blocked, id=3520]
  0x69a225d8 JavaThread "Connection Consumer for dest Subscription[subId=-2147483648connection=ConnectionToken:ID:227/7e35dbf2ef1afa68da032af1d156c166 destination=QUEUE.BatchInserirPagamentosFaturasEspeciaisMDB messageSelector=null Local Create] id=114" [_thread_blocked, id=3608]
  0x69a22450 JavaThread "Connection Consumer for dest Subscription[subId=-2147483648connection=ConnectionToken:ID:225/52eac9806eb0762d6fdf269de85ec555 destination=QUEUE.BatchIncluirDebitoACobrarEntradaParcelamentoNaoPagaMDB messageSelector=null Local Create] id=113" [_thread_blocked, id=3304]
  0x69a222c8 JavaThread "Connection Consumer for dest Subscription[subId=-2147483648connection=ConnectionToken:ID:223/e6729d80c4f4bc6aba6552ccce92bea8 destination=QUEUE.BatchGerarValorVolumesConsumidosNaoFaturadosMDB messageSelector=null Local Create] id=112" [_thread_blocked, id=3488]
  0x69a22140 JavaThread "Connection Consumer for dest Subscription[subId=-2147483648connection=ConnectionToken:ID:221/8549250ce0552e7711045bc8966f213c destination=QUEUE.BatchGerarTaxaPercentualTarifaMinimaCortadoMDB messageSelector=null Local Create] id=111" [_thread_blocked, id=2172]
  0x69a21fb8 JavaThread "Connection Consumer for dest Subscription[subId=-2147483648connection=ConnectionToken:ID:219/86b6d686dc3271b50a34a7711bc11c58 destination=QUEUE.BatchGerarTaxaEntregaOutroEnderecoMDB messageSelector=null Local Create] id=110" [_thread_blocked, id=3696]
  0x69a21e30 JavaThread "Connection Consumer for dest Subscription[subId=-2147483648connection=ConnectionToken:ID:217/f98353080dbd428eb01b5fbd8fab89a4 destination=QUEUE.BatchGerarTabelasTemporariasAtualizacaoCadastralMDB messageSelector=null Local Create] id=109" [_thread_blocked, id=684]
  0x65e35310 JavaThread "Connection Consumer for dest Subscription[subId=-2147483648connection=ConnectionToken:ID:215/f2b898301aadf153e088f99511595acc destination=QUEUE.BatchGerarResumoSituacaoEspecialFaturamentoMDB messageSelector=null Local Create] id=108" [_thread_blocked, id=3756]
  0x65e35188 JavaThread "Connection Consumer for dest Subscription[subId=-2147483648connection=ConnectionToken:ID:213/9db69ac87b0bb4b5ea98dde9f79cb416 destination=QUEUE.BatchGerarResumoSituacaoEspecialCobrancaMDB messageSelector=null Local Create] id=107" [_thread_blocked, id=2872]
  0x65e35000 JavaThread "Connection Consumer for dest Subscription[subId=-2147483648connection=ConnectionToken:ID:211/71a2b3d7f3b8a39a4c0e5e5c51cf9855 destination=QUEUE.BatchGerarResumoSimulacaoFaturamentoMDB messageSelector=null Local Create] id=106" [_thread_blocked, id=3764]
  0x65e34e78 JavaThread "Connection Consumer for dest Subscription[subId=-2147483648connection=ConnectionToken:ID:209/7731604fa2e309792c66e2e41bfde990 destination=QUEUE.BatchGerarResumoRegistroAtendimentoPorAnoMDB messageSelector=null Local Create] id=105" [_thread_blocked, id=1848]
  0x65e34cf0 JavaThread "Connection Consumer for dest Subscription[subId=-2147483648connection=ConnectionToken:ID:207/74c44bdd5dd7a33fe2bc1fec0f92b3df destination=QUEUE.BatchGerarResumoRegistroAtendimentoMDB messageSelector=null Local Create] id=104" [_thread_blocked, id=3196]
  0x65e34b68 JavaThread "Connection Consumer for dest Subscription[subId=-2147483648connection=ConnectionToken:ID:205/d493956185f89cc5c990eec9abc26a21 destination=QUEUE.BatchGerarResumoReceitaMDB messageSelector=null Local Create] id=103" [_thread_blocked, id=3336]
  0x65e349e0 JavaThread "Connection Consumer for dest Subscription[subId=-2147483648connection=ConnectionToken:ID:203/2b057bf7bc749b3f6b5f952174ed9bd3 destination=QUEUE.BatchGerarResumoReFaturamentoOlapMDB messageSelector=null Local Create] id=102" [_thread_blocked, id=2512]
  0x65e34858 JavaThread "Connection Consumer for dest Subscription[subId=-2147483648connection=ConnectionToken:ID:201/ab6ddc0a3ab335de9741fa30d67f2706 destination=QUEUE.BatchGerarResumoReFaturamentoNovoMDB messageSelector=null Local Create] id=101" [_thread_blocked, id=2496]
  0x65e346d0 JavaThread "Connection Consumer for dest Subscription[subId=-2147483648connection=ConnectionToken:ID:199/044edb64ef1ca668f52a5dc7afd59ffd destination=QUEUE.BatchGerarResumoReFaturamentoMDB messageSelector=null Local Create] id=100" [_thread_blocked, id=2984]
  0x65e34548 JavaThread "Connection Consumer for dest Subscription[subId=-2147483648connection=ConnectionToken:ID:197/148c1663fdcb17e320c1761f2d4d04e7 destination=QUEUE.BatchGerarResumoPendenciaPorAnoMDB messageSelector=null Local Create] id=99" [_thread_blocked, id=724]
  0x69870e78 JavaThread "Connection Consumer for dest Subscription[subId=-2147483648connection=ConnectionToken:ID:195/50988648b16baff02ab318ef91ac1140 destination=QUEUE.BatchGerarResumoPendenciaMDB messageSelector=null Local Create] id=98" [_thread_blocked, id=3948]
  0x69870cf0 JavaThread "Connection Consumer for dest Subscription[subId=-2147483648connection=ConnectionToken:ID:193/a334d5578bd79e0cc5802956a716fcc6 destination=QUEUE.BatchGerarResumoParcelamentoPorAnoMDB messageSelector=null Local Create] id=97" [_thread_blocked, id=1676]
  0x69870b68 JavaThread "Connection Consumer for dest Subscription[subId=-2147483648connection=ConnectionToken:ID:191/ffea67124eef3f882ba0be037a711e17 destination=QUEUE.BatchGerarResumoParcelamentoMDB messageSelector=null Local Create] id=96" [_thread_blocked, id=3804]
  0x698709e0 JavaThread "Connection Consumer for dest Subscription[subId=-2147483648connection=ConnectionToken:ID:189/e9a4b48192ca9ae8a383cfc7624d5202 destination=QUEUE.BatchGerarResumoNegativacaoMDB messageSelector=null Local Create] id=95" [_thread_blocked, id=2364]
  0x69870858 JavaThread "Connection Consumer for dest Subscription[subId=-2147483648connection=ConnectionToken:ID:187/fa73289bb16b9abbbe67e4f6dc5761f2 destination=QUEUE.BatchGerarResumoMetasMDB messageSelector=null Local Create] id=94" [_thread_blocked, id=2240]
  0x698706d0 JavaThread "Connection Consumer for dest Subscription[subId=-2147483648connection=ConnectionToken:ID:185/84f8fc17828197265cb0e4b166164ef1 destination=QUEUE.BatchGerarResumoMetasAcumuladoMDB messageSelector=null Local Create] id=93" [_thread_blocked, id=3760]
  0x698703c0 JavaThread "Connection Consumer for dest Subscription[subId=-2147483648connection=ConnectionToken:ID:183/2c4637091e04899a86ac1641cc77133c destination=QUEUE.BatchGerarResumoLigacoesEconomiasPorAnoMDB messageSelector=null Local Create] id=92" [_thread_blocked, id=3436]
  0x69870238 JavaThread "Connection Consumer for dest Subscription[subId=-2147483648connection=ConnectionToken:ID:181/558cb0a9543099b7a625b6836699b0f5 destination=QUEUE.BatchGerarResumoLigacoesEconomiasMDB messageSelector=null Local Create] id=91" [_thread_blocked, id=3960]
  0x698700b0 JavaThread "Connection Consumer for dest Subscription[subId=-2147483648connection=ConnectionToken:ID:179/306b7a04c51c1c4f294609896c4b462a destination=QUEUE.BatchGerarResumoLeituraAnormalidadeMDB messageSelector=null Local Create] id=90" [_thread_blocked, id=3800]
  0x69e6e5b0 JavaThread "Connection Consumer for dest Subscription[subId=-2147483648connection=ConnectionToken:ID:177/285a98c8f2ef85c309b97e51db8cd4bf destination=QUEUE.BatchGerarResumoInstalacoesHidrometrosPorAnoMDB messageSelector=null Local Create] id=89" [_thread_blocked, id=1520]
  0x69e6e428 JavaThread "Connection Consumer for dest Subscription[subId=-2147483648connection=ConnectionToken:ID:175/384cbf58635badd289c2aa62cf66099b destination=QUEUE.BatchGerarResumoInstalacoesHidrometrosMDB messageSelector=null Local Create] id=88" [_thread_blocked, id=2388]
  0x69e6e2a0 JavaThread "Connection Consumer for dest Subscription[subId=-2147483648connection=ConnectionToken:ID:173/e3205f315ab0e7a738cee818fc6fe0fc destination=QUEUE.BatchGerarResumoIndicadoresMicromedicaoPorAnoMDB messageSelector=null Local Create] id=87" [_thread_blocked, id=3904]
  0x69e6e118 JavaThread "Connection Consumer for dest Subscription[subId=-2147483648connection=ConnectionToken:ID:171/4b59aeb7fdff3b0d9cef10cc2f072378 destination=QUEUE.BatchGerarResumoIndicadoresMicromedicaoMDB messageSelector=null Local Create] id=86" [_thread_blocked, id=2380]
  0x69e6df90 JavaThread "Connection Consumer for dest Subscription[subId=-2147483648connection=ConnectionToken:ID:169/ea8791d430fbe383a44e969fabebf4e2 destination=QUEUE.BatchGerarResumoIndicadoresFaturamentoMDB messageSelector=null Local Create] id=85" [_thread_blocked, id=1380]
  0x69e6de08 JavaThread "Connection Consumer for dest Subscription[subId=-2147483648connection=ConnectionToken:ID:167/feee184581a373f9fa2a079a48d4e5d5 destination=QUEUE.BatchGerarResumoIndicadoresComercializacaoMDB messageSelector=null Local Create] id=84" [_thread_blocked, id=3528]
  0x69e6dc80 JavaThread "Connection Consumer for dest Subscription[subId=-2147483648connection=ConnectionToken:ID:165/1d89354e93c926775decf1275ddc4a42 destination=QUEUE.BatchGerarResumoIndicadoresCobrancaMDB messageSelector=null Local Create] id=83" [_thread_blocked, id=1324]
  0x69e6daf8 JavaThread "Connection Consumer for dest Subscription[subId=-2147483648connection=ConnectionToken:ID:163/cb0ebf72b0cbbee4a598454e3a6c039d destination=QUEUE.BatchGerarResumoHistogramaAguaEsgotoSemQuadraMDB messageSelector=null Local Create] id=82" [_thread_blocked, id=3344]
  0x69e6d970 JavaThread "Connection Consumer for dest Subscription[subId=-2147483648connection=ConnectionToken:ID:161/16f02deee97fea921e00e324fd7165b2 destination=QUEUE.BatchGerarResumoHistogramaAguaEsgotoMDB messageSelector=null Local Create] id=81" [_thread_blocked, id=3140]
  0x69e6d7e8 JavaThread "Connection Consumer for dest Subscription[subId=-2147483648connection=ConnectionToken:ID:159/9ceb63a13056e2995586d943e64d09c2 destination=QUEUE.BatchGerarResumoHidrometroMDB messageSelector=null Local Create] id=80" [_thread_blocked, id=2256]
  0x69a0c5c8 JavaThread "Connection Consumer for dest Subscription[subId=-2147483648connection=ConnectionToken:ID:157/06ad884e5dcc9e611352644b0ad2d00b destination=QUEUE.BatchGerarResumoFaturamentoPorAnoMDB messageSelector=null Local Create] id=79" [_thread_blocked, id=2448]
  0x69a0c440 JavaThread "Connection Consumer for dest Subscription[subId=-2147483648connection=ConnectionToken:ID:155/e63efc48a89beee60367f0895e53419f destination=QUEUE.BatchGerarResumoFaturamentoMDB messageSelector=null Local Create] id=78" [_thread_blocked, id=2756]
  0x69a0c2b8 JavaThread "Connection Consumer for dest Subscription[subId=-2147483648connection=ConnectionToken:ID:153/a681d736ac70b3dac893877e25a52711 destination=QUEUE.BatchGerarResumoFaturamentoAguaEsgotoMDB messageSelector=null Local Create] id=77" [_thread_blocked, id=3168]
  0x69a0c130 JavaThread "Connection Consumer for dest Subscription[subId=-2147483648connection=ConnectionToken:ID:151/32eab9b2d341eff0175e58976f5c34c1 destination=QUEUE.BatchGerarResumoDocumentosAReceberMDB messageSelector=null Local Create] id=76" [_thread_blocked, id=1028]
  0x69a0bfa8 JavaThread "Connection Consumer for dest Subscription[subId=-2147483648connection=ConnectionToken:ID:149/dac086206beb15733c76c895f7391f8b destination=QUEUE.BatchGerarResumoDiarioNegativacaoMDB messageSelector=null Local Create] id=75" [_thread_blocked, id=1544]
  0x69a0be20 JavaThread "Connection Consumer for dest Subscription[subId=-2147483648connection=ConnectionToken:ID:147/5ff13f933ebafefc0917c76ce0533cb7 destination=QUEUE.BatchGerarResumoDevedoresDuvidososMDB messageSelector=null Local Create] id=74" [_thread_blocked, id=2200]
  0x69a0bc98 JavaThread "Connection Consumer for dest Subscription[subId=-2147483648connection=ConnectionToken:ID:145/0e481820869d564510e4d9f2999042bf destination=QUEUE.BatchGerarResumoConsumoAguaMDB messageSelector=null Local Create] id=73" [_thread_blocked, id=2532]
  0x69a0bb10 JavaThread "Connection Consumer for dest Subscription[subId=-2147483648connection=ConnectionToken:ID:143/6dd675b7e8aaafaee9ca05195e14ee54 destination=QUEUE.BatchGerarResumoColetaEsgotoPorAnoMDB messageSelector=null Local Create] id=72" [_thread_blocked, id=3456]
  0x69a0b988 JavaThread "Connection Consumer for dest Subscription[subId=-2147483648connection=ConnectionToken:ID:141/157327682c0ab94e5c0684a3e6bbdec6 destination=QUEUE.BatchGerarResumoColetaEsgotoMDB messageSelector=null Local Create] id=71" [_thread_blocked, id=1284]
  0x69a0b800 JavaThread "Connection Consumer for dest Subscription[subId=-2147483648connection=ConnectionToken:ID:139/a7508404cd080907d37c9de4d12a7e0a destination=QUEUE.BatchGerarResumoArrecadacaoPorAnoMDB messageSelector=null Local Create] id=70" [_thread_blocked, id=2232]
  0x6a0a6428 JavaThread "Connection Consumer for dest Subscription[subId=-2147483648connection=ConnectionToken:ID:137/0e7912c36188bf49bcb6ed04c1b34a31 destination=QUEUE.BatchGerarResumoArrecadacaoMDB messageSelector=null Local Create] id=69" [_thread_blocked, id=860]
  0x6a0a62a0 JavaThread "Connection Consumer for dest Subscription[subId=-2147483648connection=ConnectionToken:ID:135/762328e39a3a2bab1d22602788f2b196 destination=QUEUE.BatchGerarResumoAnormalidadesMDB messageSelector=null Local Create] id=68" [_thread_blocked, id=2392]
  0x6a0a6118 JavaThread "Connection Consumer for dest Subscription[subId=-2147483648connection=ConnectionToken:ID:133/cbdf8bd06c737addb090277149608096 destination=QUEUE.BatchGerarResumoAcoesCobrancaEventualMDB messageSelector=null Local Create] id=67" [_thread_blocked, id=1228]
  0x6a0a5e08 JavaThread "Connection Consumer for dest Subscription[subId=-2147483648connection=ConnectionToken:ID:131/743691d7268995a81036a54ef6b85a6b destination=QUEUE.BatchGerarResumoAcoesCobrancaCronogramaMDB messageSelector=null Local Create] id=66" [_thread_blocked, id=2016]
  0x6a0a5c80 JavaThread "Connection Consumer for dest Subscription[subId=-2147483648connection=ConnectionToken:ID:129/a00ad3e0942d06255b6aa8fea6d2452f destination=QUEUE.BatchGerarResumoAcoesCobrancaCronogramaEncerrarOSMDB messageSelector=null Local Create] id=65" [_thread_blocked, id=1492]
  0x6a0a5af8 JavaThread "Connection Consumer for dest Subscription[subId=-2147483648connection=ConnectionToken:ID:127/06fe4ad98aaf3145c3c42ab9a6a9be63 destination=QUEUE.BatchGerarPrescreverDebitosDeImoveisMDB messageSelector=null Local Create] id=64" [_thread_blocked, id=4032]
  0x6a0a5970 JavaThread "Connection Consumer for dest Subscription[subId=-2147483648connection=ConnectionToken:ID:125/a13ce8196755a9c9c906bda397212cc8 destination=QUEUE.BatchGerarMovimentoRetornoNegativacaoMDB messageSelector=null Local Create] id=63" [_thread_blocked, id=940]
  0x6a0a57e8 JavaThread "Connection Consumer for dest Subscription[subId=-2147483648connection=ConnectionToken:ID:123/bf3d90f090d93fce596953d02dc1eafd destination=QUEUE.BatchGerarMovimentoHidrometroMDB messageSelector=null Local Create] id=62" [_thread_blocked, id=1164]
  0x6a01e8d8 JavaThread "Connection Consumer for dest Subscription[subId=-2147483648connection=ConnectionToken:ID:121/72333045f3e82759d675b7f698428342 destination=QUEUE.BatchGerarMovimentoExtensaoContasCobrancaPorEmpresaMDB messageSelector=null Local Create] id=61" [_thread_blocked, id=1056]
  0x6a01e750 JavaThread "Connection Consumer for dest Subscription[subId=-2147483648connection=ConnectionToken:ID:119/21ab5f60a9ca79599f1ed82f5265a620 destination=QUEUE.BatchGerarMovimentoExclusaoNegativacaoMDB messageSelector=null Local Create] id=60" [_thread_blocked, id=1364]
  0x6a01e5c8 JavaThread "Connection Consumer for dest Subscription[subId=-2147483648connection=ConnectionToken:ID:117/37c33de41060b52e2cda0841ce9de218 destination=QUEUE.BatchGerarMovimentoContasCobrancaPorEmpresaMDB messageSelector=null Local Create] id=59" [_thread_blocked, id=4048]
  0x6a01e440 JavaThread "Connection Consumer for dest Subscription[subId=-2147483648connection=ConnectionToken:ID:115/a7d4e3cafff7231ab6383d21d488184f destination=QUEUE.BatchGerarLancamentosContabeisFaturamentoMDB messageSelector=null Local Create] id=58" [_thread_blocked, id=3700]
  0x6a01e2b8 JavaThread "Connection Consumer for dest Subscription[subId=-2147483648connection=ConnectionToken:ID:113/75b9f2a5094cc6d45b89cd773d4d349f destination=QUEUE.BatchGerarLancamentosContabeisDevedoresDuvidososMDB messageSelector=null Local Create] id=57" [_thread_blocked, id=3244]
  0x6a01e130 JavaThread "Connection Consumer for dest Subscription[subId=-2147483648connection=ConnectionToken:ID:111/76cb99cae84e4ad6034d9ab2f29c81e0 destination=QUEUE.BatchGerarLancamentosContabeisAvisosBancariosMDB messageSelector=null Local Create] id=56" [_thread_blocked, id=2844]
  0x6a01dfa8 JavaThread "Connection Consumer for dest Subscription[subId=-2147483648connection=ConnectionToken:ID:109/87762e0e68161d4379fdfc8af0d18039 destination=QUEUE.BatchGerarLancamentosContabeisArrecadacaoMDB messageSelector=null Local Create] id=55" [_thread_blocked, id=4036]
  0x6a01de20 JavaThread "Connection Consumer for dest Subscription[subId=-2147483648connection=ConnectionToken:ID:107/0c5bdaf66e7000dd2552a58d9c780450 destination=QUEUE.BatchGerarHistoricoParaEncerrarFaturamentoMesMDB messageSelector=null Local Create] id=54" [_thread_blocked, id=3128]
  0x6a01dc98 JavaThread "Connection Consumer for dest Subscription[subId=-2147483648connection=ConnectionToken:ID:105/5f77d240e1a98a6248b5db8cd89b7a5d destination=QUEUE.BatchGerarHistoricoParaEncerrarArrecadacaoMesMDB messageSelector=null Local Create] id=53" [_thread_blocked, id=1448]
  0x6a01db10 JavaThread "Connection Consumer for dest Subscription[subId=-2147483648connection=ConnectionToken:ID:103/bbf2f0d8f943b83c26881e1fd8c30686 destination=QUEUE.BatchGerarHistoricoContaMDB messageSelector=null Local Create] id=52" [_thread_blocked, id=3444]
  0x699769b8 JavaThread "Connection Consumer for dest Subscription[subId=-2147483648connection=ConnectionToken:ID:101/8c5832b8c93cd1eeff64ed1bc8d377c4 destination=QUEUE.BatchGerarGuiaPagamentoPorClienteResumoPendenciaMDB messageSelector=null Local Create] id=51" [_thread_blocked, id=3816]
  0x69976830 JavaThread "Connection Consumer for dest Subscription[subId=-2147483648connection=ConnectionToken:ID:99/5c0d3602bc4ac13035feda567ce72654 destination=QUEUE.BatchGerarFaturaClienteResponsavelMDB messageSelector=null Local Create] id=50" [_thread_blocked, id=1584]
  0x699766a8 JavaThread "Connection Consumer for dest Subscription[subId=-2147483648connection=ConnectionToken:ID:97/048c3a7b22a2f088091db3da8365e5a1 destination=QUEUE.BatchGerarDebitoACobrarDoacaoMDB messageSelector=null Local Create] id=49" [_thread_blocked, id=916]
  0x69976520 JavaThread "Connection Consumer for dest Subscription[subId=-2147483648connection=ConnectionToken:ID:95/efa3bb2222e39e105e7c99a3d575a600 destination=QUEUE.BatchGerarDebitoACobrarDeAcrescimoPorImpontualidadeMDB messageSelector=null Local Create] id=48" [_thread_blocked, id=3888]
  0x69976398 JavaThread "Connection Consumer for dest Subscription[subId=-2147483648connection=ConnectionToken:ID:93/7406bd0e5971fdcdc6a96412633890f1 destination=QUEUE.BatchGerarDadosParaLeituraMDB messageSelector=null Local Create] id=47" [_thread_blocked, id=3952]
  0x69976210 JavaThread "Connection Consumer for dest Subscription[subId=-2147483648connection=ConnectionToken:ID:91/030366064df7dda995af3e2faa08fb64 destination=QUEUE.BatchGerarDadosDiariosArrecadacaoMDB messageSelector=null Local Create] id=46" [_thread_blocked, id=2312]
  0x69976088 JavaThread "Connection Consumer for dest Subscription[subId=-2147483648connection=ConnectionToken:ID:89/5015a842b02095c3722ac0483df768dd destination=QUEUE.BatchGerarDadosDeclaracaoQuitacaoAnualDebitosMDB messageSelector=null Local Create] id=45" [_thread_blocked, id=2776]
  0x69975f00 JavaThread "Connection Consumer for dest Subscription[subId=-2147483648connection=ConnectionToken:ID:87/8781a8548460b0612aa471244018da47 destination=QUEUE.BatchGerarCreditoSituacaoEspecialFaturamentoMDB messageSelector=null Local Create] id=44" [_thread_blocked, id=3912]
  0x69975d78 JavaThread "Connection Consumer for dest Subscription[subId=-2147483648connection=ConnectionToken:ID:85/f06108b2df73a2004bd966635ed201dc destination=QUEUE.BatchGerarContasAReceberContabilMDB messageSelector=null Local Create] id=43" [_thread_blocked, id=3536]
  0x69975bf0 JavaThread "Connection Consumer for dest Subscription[subId=-2147483648connection=ConnectionToken:ID:83/d9d79583e24f748707226fb8e9cbfabe destination=QUEUE.BatchGerarCartasDeFinalDeAnoMDB messageSelector=null Local Create] id=42" [_thread_blocked, id=2332]
  0x65ccf4a8 JavaThread "Connection Consumer for dest Subscription[subId=-2147483648connection=ConnectionToken:ID:81/018c6348d90fe52d04aea02922721391 destination=QUEUE.BatchGerarCartasCampanhaSolidariedadeCriancaParaNegociacaoAVistaMDB messageSelector=null Local Create] id=41" [_thread_blocked, id=1000]
  0x65ccf320 JavaThread "Connection Consumer for dest Subscription[subId=-2147483648connection=ConnectionToken:ID:79/695983f2da939d00141904b3388c85c6 destination=QUEUE.BatchGerarBonusTarifaSocialMDB messageSelector=null Local Create] id=40" [_thread_blocked, id=2924]
  0x65ccf198 JavaThread "Connection Consumer for dest Subscription[subId=-2147483648connection=ConnectionToken:ID:77/d36c32581f25367595d2ad2619ae1d0f destination=QUEUE.BatchGerarAtividadeAcaoCobrancaMDB messageSelector=null Local Create] id=39" [_thread_blocked, id=2316]
  0x65ccf010 JavaThread "Connection Consumer for dest Subscription[subId=-2147483648connection=ConnectionToken:ID:75/bad702713ab272f2546a1a16b41d670b destination=QUEUE.BatchGerarArquivoTextoParaLeituristaMDB messageSelector=null Local Create] id=38" [_thread_blocked, id=3492]
  0x65ccee88 JavaThread "Connection Consumer for dest Subscription[subId=-2147483648connection=ConnectionToken:ID:73/972c9507f6a5b20c59e29aa3e20413e3 destination=QUEUE.BatchGerarArquivoTextoPagamentosContasCobrancaEmpresaMDB messageSelector=null Local Create] id=37" [_thread_blocked, id=2344]
  0x65cced00 JavaThread "Connection Consumer for dest Subscription[subId=-2147483648connection=ConnectionToken:ID:71/cb68427f6d92683c4dbf620db201e6d9 destination=QUEUE.BatchGerarArquivoTextoDeclaracaoQuitacaoAnualDebitosMDB messageSelector=null Local Create] id=36" [_thread_blocked, id=2328]
  0x65cceb78 JavaThread "Connection Consumer for dest Subscription[subId=-2147483648connection=ConnectionToken:ID:69/ba436142af8939e881a0501f6ab204ac destination=QUEUE.BatchGerarArquivoTextoContasProjetosEspeciaisMDB messageSelector=null Local Create] id=35" [_thread_blocked, id=1204]
  0x65cce9f0 JavaThread "Connection Consumer for dest Subscription[subId=-2147483648connection=ConnectionToken:ID:67/86296d59690f8d3ee51cc0ad61f22306 destination=QUEUE.BatchGerarArquivoTextoContasCobrancaEmpresaMDB messageSelector=null Local Create] id=34" [_thread_blocked, id=2504]
  0x65cce868 JavaThread "Connection Consumer for dest Subscription[subId=-2147483648connection=ConnectionToken:ID:65/66ee501d6e45dc73ce68d403804f8d21 destination=QUEUE.BatchGerarArquivoTextoAtualizacaoCadastralMDB messageSelector=null Local Create] id=33" [_thread_blocked, id=2988]
  0x65cce6e0 JavaThread "Connection Consumer for dest Subscription[subId=-2147483648connection=ConnectionToken:ID:63/0c63dc43e4ff74c2ba9e632f7d993523 destination=QUEUE.BatchGerarArquivoOrdemDeFiscalizacaoMDB messageSelector=null Local Create] id=32" [_thread_blocked, id=1080]
  0x67f6cce0 JavaThread "Connection Consumer for dest Subscription[subId=-2147483648connection=ConnectionToken:ID:61/3bc00d5a2c9ca6f4ca269c65ad6fa9c2 destination=QUEUE.BatchFaturarGrupoFaturamentoMDB messageSelector=null Local Create] id=31" [_thread_blocked, id=340]
  0x67f6cb58 JavaThread "Connection Consumer for dest Subscription[subId=-2147483648connection=ConnectionToken:ID:59/8cbbfb1fee540ff0675622e0e1c6b8df destination=QUEUE.BatchExecutarComandoNegativacaoMDB messageSelector=null Local Create] id=30" [_thread_blocked, id=3736]
  0x67f6c9d0 JavaThread "Connection Consumer for dest Subscription[subId=-2147483648connection=ConnectionToken:ID:57/6576354ffc1f112678448e27ce0d6a7d destination=QUEUE.BatchExecutarComandoEncerramentoRAMDB messageSelector=null Local Create] id=29" [_thread_blocked, id=3620]
  0x67f6c848 JavaThread "Connection Consumer for dest Subscription[subId=-2147483648connection=ConnectionToken:ID:55/4f44238904001505c0649d3563be536c destination=QUEUE.BatchExcluirImoveisDaTarifaSocialMDB messageSelector=null Local Create] id=28" [_thread_blocked, id=884]
  0x67f6c538 JavaThread "Connection Consumer for dest Subscription[subId=-2147483648connection=ConnectionToken:ID:53/975794b37a670eedbf89b4c5ada9b080 destination=QUEUE.BatchEnvioEmailContaParaClienteMDB messageSelector=null Local Create] id=27" [_thread_blocked, id=2036]
  0x67f6c3b0 JavaThread "Connection Consumer for dest Subscription[subId=-2147483648connection=ConnectionToken:ID:51/391579a9d67b82924f8cb076bc8f4803 destination=QUEUE.BatchEncerrarFaturamentoMesMDB messageSelector=null Local Create] id=26" [_thread_blocked, id=2420]
  0x67f6c228 JavaThread "Connection Consumer for dest Subscription[subId=-2147483648connection=ConnectionToken:ID:49/735daf55491ea6ed3111359734ca0461 destination=QUEUE.BatchEncerrarArrecadacaoMesMDB messageSelector=null Local Create] id=25" [_thread_blocked, id=2444]
  0x67f6c0a0 JavaThread "Connection Consumer for dest Subscription[subId=-2147483648connection=ConnectionToken:ID:47/c1d2f0ccc7e6edad645c60e45bdc0b27 destination=QUEUE.BatchEmitirOrdemDeFiscalizacaoMDB messageSelector=null Local Create] id=24" [_thread_blocked, id=1088]
  0x67f6bf18 JavaThread "Connection Consumer for dest Subscription[subId=-2147483648connection=ConnectionToken:ID:45/5e39aa11103df26bf0e43dd4c4f5a7c3 destination=QUEUE.BatchEmitirExtratoConsumoImovelCondominioMDB messageSelector=null Local Create] id=23" [_thread_blocked, id=3568]
  0x6a86d640 JavaThread "Connection Consumer for dest Subscription[subId=-2147483648connection=ConnectionToken:ID:43/509f736ef2f69995513192ac3e8a9f95 destination=QUEUE.BatchEmitirDocumentoCobrancaMDB messageSelector=null Local Create] id=22" [_thread_blocked, id=3384]
  0x6a86d4b8 JavaThread "Connection Consumer for dest Subscription[subId=-2147483648connection=ConnectionToken:ID:41/f6408fcf5d61cf38e83f43a5065650fa destination=QUEUE.BatchEmitirContasOrgaoPublicoMDB messageSelector=null Local Create] id=21" [_thread_blocked, id=2664]
  0x6a86d1a8 JavaThread "Connection Consumer for dest Subscription[subId=-2147483648connection=ConnectionToken:ID:39/500204173eeb1c972361b97d9a8b303e destination=QUEUE.BatchEmitirContasMDB messageSelector=null Local Create] id=20" [_thread_blocked, id=2508]
  0x6a86d020 JavaThread "Connection Consumer for dest Subscription[subId=-2147483648connection=ConnectionToken:ID:37/3417e8de16cea5a9ee1c6dcfc19d13ae destination=QUEUE.BatchEmitirCartasDeFinalDeAnoMDB messageSelector=null Local Create] id=19" [_thread_blocked, id=1328]
  0x67e295a8 JavaThread "Connection Consumer for dest Subscription[subId=-2147483648connection=ConnectionToken:ID:35/0429e98febf0e8ca6a801811cec46d4a destination=QUEUE.BatchEmitirCartasCampanhaSolidariedadeCriancaParaNegociacaoAVistaMDB messageSelector=null Local Create] id=18" [_thread_blocked, id=3752]
  0x67e29420 JavaThread "Connection Consumer for dest Subscription[subId=-2147483648connection=ConnectionToken:ID:33/951558020f61a01cadde9e4b61b5edcb destination=QUEUE.BatchEmitirBoletosMDB messageSelector=null Local Create] id=17" [_thread_blocked, id=2752]
  0x67e29298 JavaThread "Connection Consumer for dest Subscription[subId=-2147483648connection=ConnectionToken:ID:31/1d0313dc84f67e03b493861d137e22a2 destination=QUEUE.BatchEmitirBoletimCadastroMDB messageSelector=null Local Create] id=16" [_thread_blocked, id=3392]
  0x67e29110 JavaThread "Connection Consumer for dest Subscription[subId=-2147483648connection=ConnectionToken:ID:29/439991b5548dc182ad24cb4326b44cfe destination=QUEUE.BatchEfetuarRateioConsumoMDB messageSelector=null Local Create] id=15" [_thread_blocked, id=2800]
  0x674db190 JavaThread "Connection Consumer for dest Subscription[subId=-2147483648connection=ConnectionToken:ID:27/fd6955996aa48544ad6d30af20f24fe0 destination=QUEUE.BatchDeterminarConfirmacaoDaNegativacaoMDB messageSelector=null Local Create] id=14" [_thread_blocked, id=2960]
  0x674db008 JavaThread "Connection Consumer for dest Subscription[subId=-2147483648connection=ConnectionToken:ID:25/12fffc8cd8129eff9c0e999e61fc336c destination=QUEUE.BatchDesfazerParcelamentoPorEntradaNaoPagaMDB messageSelector=null Local Create] id=13" [_thread_blocked, id=3884]
  0x674dae80 JavaThread "Connection Consumer for dest Subscription[subId=-2147483648connection=ConnectionToken:ID:23/a9675c40dc4468796eb43dfd4d7c9b41 destination=QUEUE.BatchConsistirLeiturasCalcularConsumosMDB messageSelector=null Local Create] id=12" [_thread_blocked, id=2636]
  0x674dacf8 JavaThread "Connection Consumer for dest Subscription[subId=-2147483648connection=ConnectionToken:ID:21/254b282d6224c0968fd82028857828db destination=QUEUE.BatchClassificarPagamentosDevolucoesMDB messageSelector=null Local Create] id=11" [_thread_blocked, id=3820]
  0x674dab70 JavaThread "Connection Consumer for dest Subscription[subId=-2147483648connection=ConnectionToken:ID:19/5bc1c3638bfabf51e36e10accbd31922 destination=QUEUE.BatchAtualizarPagamentosContasCobrancaMDB messageSelector=null Local Create] id=10" [_thread_blocked, id=956]
  0x674da9e8 JavaThread "Connection Consumer for dest Subscription[subId=-2147483648connection=ConnectionToken:ID:17/758653d1789022d0874953fefed5b9e5 destination=QUEUE.BatchAtualizarNumeroExecucaoResumoNegativacaoMDB messageSelector=null Local Create] id=9" [_thread_blocked, id=2692]
  0x674da860 JavaThread "Connection Consumer for dest Subscription[subId=-2147483648connection=ConnectionToken:ID:15/04ef61d21f26ada49a1cc29ccf41569a destination=QUEUE.BatchAtualizarLigacaoAguaLigadoAnaliseParaLigadoMDB messageSelector=null Local Create] id=8" [_thread_blocked, id=3428]
  0x674da6d8 JavaThread "Connection Consumer for dest Subscription[subId=-2147483648connection=ConnectionToken:ID:13/96ab546b4d02a06325ebcff4d4ae6ecc destination=QUEUE.BatchAtualizarConjuntoHidrometroMDB messageSelector=null Local Create] id=7" [_thread_blocked, id=2400]
  0x650f2930 JavaThread "Connection Consumer for dest Subscription[subId=-2147483648connection=ConnectionToken:ID:11/7953c3cf9da34384c25e0ffbb67b069c destination=QUEUE.BatchAtualizarComandoAtividadeAcaoCobrancaMDB messageSelector=null Local Create] id=6" [_thread_blocked, id=2408]
  0x674da550 JavaThread "Connection Consumer for dest Subscription[subId=-2147483648connection=ConnectionToken:ID:9/4544d2e8eaa6a56574d49bec7899f691 destination=QUEUE.BatchAtualizarCodigoDebitoAutomaticoMDB messageSelector=null Local Create] id=5" [_thread_blocked, id=2516]
  0x674da3c8 JavaThread "Connection Consumer for dest Subscription[subId=-2147483648connection=ConnectionToken:ID:7/5fc6bc9e7c56ec89d2f981a0c9f2a90f destination=QUEUE.BatchAtualizarAutosInfracaoPrazoRecursoVencidoMDB messageSelector=null Local Create] id=4" [_thread_blocked, id=4052]
  0x650f33e8 JavaThread "Connection Consumer for dest Subscription[subId=-2147483648connection=ConnectionToken:ID:5/770523cb6def79d6092755e1803641d1 destination=QUEUE.BatchAtualizaQuantidadeParcelaPagaConsecutivaParcelaBonusMDB messageSelector=null Local Create] id=3" [_thread_blocked, id=2372]
  0x650f30d8 JavaThread "Connection Consumer for dest Subscription[subId=-2147483648connection=ConnectionToken:ID:3/aa101940bf4afa93ebe8eb16bca63fb0 destination=QUEUE.BatchAlterarInscricaoImovelMDB messageSelector=null Local Create] id=2" [_thread_blocked, id=3020]
  0x650f3260 JavaThread "Connection Consumer for dest Subscription[subId=-2147483648connection=ConnectionToken:ID:1/dd53a400c3f667b7f533a5318c9d0645 destination=QUEUE.BatchAcompanharPagamentoDoParcelamentoMDB messageSelector=null Local Create] id=1" [_thread_blocked, id=2096]
  0x650f2620 JavaThread "Thread-5" daemon [_thread_blocked, id=3032]
  0x644bfe10 JavaThread "UILServerILService Accept Thread" [_thread_in_native, id=432]
  0x644bfc88 JavaThread "TimeoutFactory" daemon [_thread_blocked, id=3036]
  0x644bf978 JavaThread "JCA PoolFiller" [_thread_blocked, id=3084]
  0x644bf7f0 JavaThread "Timer-2" daemon [_thread_blocked, id=168]
  0x644bf668 JavaThread "HSQLDB Timer @1dd8136" daemon [_thread_blocked, id=584]
  0x644bf048 JavaThread "WorkManager(3)-1" daemon [_thread_blocked, id=2996]
  0x644bf1d0 JavaThread "JBossMQ Cache Reference Softner" daemon [_thread_blocked, id=3864]
  0x644bebb0 JavaThread "ContainerBackgroundProcessor[StandardEngine[jboss.web]]" daemon [_thread_blocked, id=3848]
  0x644be0f8 JavaThread "PooledInvokerAcceptor#0-4445" [_thread_in_native, id=2956]
  0x644c3708 JavaThread "RMI TCP Accept-4444" daemon [_thread_in_native, id=2100]
  0x644c3580 JavaThread "ClassLoadingPool(2)-1" daemon [_thread_in_native, id=2744]
  0x644c33f8 JavaThread "JBoss System Threads(1)-1" daemon [_thread_in_native, id=640]
  0x644c3270 JavaThread "GC Daemon" daemon [_thread_blocked, id=704]
  0x644c30e8 JavaThread "RMI Reaper" [_thread_blocked, id=3596]
  0x644c2f60 JavaThread "Timer-1" daemon [_thread_blocked, id=2592]
  0x644c2dd8 JavaThread "RMI TCP Accept-1098" daemon [_thread_in_native, id=1264]
  0x644c2c50 JavaThread "ScannerThread" daemon [_thread_blocked, id=988]
  0x644c2ac8 JavaThread "Timer-0" daemon [_thread_blocked, id=2868]
  0x00308f10 JavaThread "DestroyJavaVM" [_thread_blocked, id=2616]
  0x641c4e18 JavaThread "Low Memory Detector" daemon [_thread_blocked, id=2608]
  0x641c4888 JavaThread "CompilerThread0" daemon [_thread_blocked, id=1280]
  0x0150bcf8 JavaThread "Signal Dispatcher" daemon [_thread_blocked, id=1312]
  0x0150aa20 JavaThread "JDWP Command Reader" daemon [_thread_in_native, id=1012]
  0x01501830 JavaThread "JDWP Event Helper Thread" daemon [_thread_blocked, id=3744]
  0x01501698 JavaThread "JDWP Transport Listener: dt_socket" daemon [_thread_blocked, id=1424]
  0x014f57e0 JavaThread "Finalizer" daemon [_thread_blocked, id=1508]
  0x014f4208 JavaThread "Reference Handler" daemon [_thread_blocked, id=1920]

Other Threads:
=>0x014efe08 VMThread [id=2176]
  0x641c41b8 WatcherThread [id=3416]

VM state:at safepoint (normal execution)

VM Mutex/Monitor currently owned by a thread:  ([mutex/lock_event])
[0x003082e0/0x000000e4] Threads_lock - owner thread: 0x014efe08
[0x01421510/0x00000120] Heap_lock - owner thread: 0x644c3270

Heap
 def new generation   total 36864K, used 6679K [0x03510000, 0x05d00000, 0x083d0000)
  eden space 32832K,  20% used [0x03510000, 0x03b95c50, 0x05520000)
  from space 4032K,   0% used [0x05520000, 0x05520000, 0x05910000)
  to   space 4032K,   0% used [0x05910000, 0x05910000, 0x05d00000)
 tenured generation   total 483968K, used 210924K [0x083d0000, 0x25c70000, 0x43510000)
   the space 483968K,  43% used [0x083d0000, 0x151cb308, 0x1513c200, 0x25c70000)
 compacting perm gen  total 86784K, used 86546K [0x43510000, 0x489d0000, 0x63510000)
   the space 86784K,  99% used [0x43510000, 0x48994bb8, 0x4898fa00, 0x489d0000)
No shared spaces configured.

Dynamic libraries:
0x00400000 - 0x0040d000 	C:\Program Files\Java\jdk1.5.0_22\bin\javaw.exe
0x77c20000 - 0x77d5c000 	C:\Windows\SYSTEM32\ntdll.dll
0x76f30000 - 0x77004000 	C:\Windows\system32\kernel32.dll
0x75e10000 - 0x75e5a000 	C:\Windows\system32\KERNELBASE.dll
0x77690000 - 0x77730000 	C:\Windows\system32\ADVAPI32.dll
0x77360000 - 0x7740c000 	C:\Windows\system32\msvcrt.dll
0x760d0000 - 0x760e9000 	C:\Windows\SYSTEM32\sechost.dll
0x77730000 - 0x777d1000 	C:\Windows\system32\RPCRT4.dll
0x76e60000 - 0x76f29000 	C:\Windows\system32\USER32.dll
0x777e0000 - 0x7782e000 	C:\Windows\system32\GDI32.dll
0x77d90000 - 0x77d9a000 	C:\Windows\system32\LPK.dll
0x77da0000 - 0x77e3d000 	C:\Windows\system32\USP10.dll
0x76070000 - 0x7608f000 	C:\Windows\system32\IMM32.DLL
0x77010000 - 0x770dc000 	C:\Windows\system32\MSCTF.dll
0x6d740000 - 0x6d8de000 	C:\Program Files\Java\jdk1.5.0_22\jre\bin\client\jvm.dll
0x741b0000 - 0x741e2000 	C:\Windows\system32\WINMM.dll
0x75ca0000 - 0x75ceb000 	C:\Windows\system32\apphelp.dll
0x6d300000 - 0x6d308000 	C:\Program Files\Java\jdk1.5.0_22\jre\bin\hpi.dll
0x77e40000 - 0x77e45000 	C:\Windows\system32\PSAPI.DLL
0x6d400000 - 0x6d435000 	C:\Program Files\Java\jdk1.5.0_22\jre\bin\jdwp.dll
0x6d710000 - 0x6d71c000 	C:\Program Files\Java\jdk1.5.0_22\jre\bin\verify.dll
0x6d380000 - 0x6d39d000 	C:\Program Files\Java\jdk1.5.0_22\jre\bin\java.dll
0x6d730000 - 0x6d73f000 	C:\Program Files\Java\jdk1.5.0_22\jre\bin\zip.dll
0x6d290000 - 0x6d297000 	C:\Program Files\Java\jdk1.5.0_22\jre\bin\dt_socket.dll
0x76090000 - 0x760c5000 	C:\Windows\system32\WS2_32.dll
0x76d40000 - 0x76d46000 	C:\Windows\system32\NSI.dll
0x74a40000 - 0x74a50000 	C:\Windows\system32\NLAapi.dll
0x757e0000 - 0x7581c000 	C:\Windows\System32\mswsock.dll
0x756a0000 - 0x756e4000 	C:\Windows\system32\DNSAPI.dll
0x71800000 - 0x71808000 	C:\Windows\System32\winrnr.dll
0x717f0000 - 0x71800000 	C:\Windows\system32\napinsp.dll
0x71750000 - 0x71762000 	C:\Windows\system32\pnrpnsp.dll
0x74600000 - 0x7461c000 	C:\Windows\system32\IPHLPAPI.DLL
0x745f0000 - 0x745f7000 	C:\Windows\system32\WINNSI.DLL
0x74130000 - 0x74168000 	C:\Windows\System32\fwpuclnt.dll
0x715b0000 - 0x715b6000 	C:\Windows\system32\rasadhlp.dll
0x75300000 - 0x75305000 	C:\Windows\System32\wshtcpip.dll
0x6d540000 - 0x6d553000 	C:\Program Files\Java\jdk1.5.0_22\jre\bin\net.dll
0x757d0000 - 0x757d6000 	C:\Windows\System32\wship6.dll
0x75820000 - 0x75836000 	C:\Windows\system32\CRYPTSP.dll
0x755c0000 - 0x755fb000 	C:\Windows\system32\rsaenh.dll
0x753d0000 - 0x753e7000 	C:\Windows\system32\USERENV.dll
0x75d70000 - 0x75d7b000 	C:\Windows\system32\profapi.dll
0x75cf0000 - 0x75cfc000 	C:\Windows\system32\CRYPTBASE.dll
0x6d560000 - 0x6d569000 	C:\Program Files\Java\jdk1.5.0_22\jre\bin\nio.dll

VM Arguments:
jvm_args: -agentlib:jdwp=transport=dt_socket,suspend=y,address=localhost:51250 -Dprogram.name=run.bat -Djava.endorsed.dirs=C:/jboss-4.0.1sp1/bin/../lib/endorsed -Xms512m -Xmx1024m -XX:MaxPermSize=512m -Dfile.encoding=Cp1252 -Xbootclasspath:C:\Program Files\Java\jre1.5.0_22\lib\rt.jar;C:\Program Files\Java\jre1.5.0_22\lib\jsse.jar;C:\Program Files\Java\jre1.5.0_22\lib\jce.jar;C:\Program Files\Java\jre1.5.0_22\lib\charsets.jar;C:\Program Files\Java\jre1.5.0_22\lib\ext\dnsns.jar;C:\Program Files\Java\jre1.5.0_22\lib\ext\localedata.jar;C:\Program Files\Java\jre1.5.0_22\lib\ext\sunjce_provider.jar;C:\Program Files\Java\jre1.5.0_22\lib\ext\sunpkcs11.jar
java_command: org.jboss.Main -c default
Launcher Type: SUN_STANDARD

Environment Variables:
JAVA_HOME=C:\Program Files\Java\jdk1.5.0_22
PATH=C:\Program Files\Java\jdk1.5.0_22\jre\bin;C:/Program Files/Java/jre6/bin/client;C:/Program Files/Java/jre6/bin;C:\Windows\system32;C:\Windows;C:\Windows\System32\Wbem;C:\Windows\System32\WindowsPowerShell\v1.0\;C:\Program Files\TortoiseSVN\bin;C:\ant\bin
USERNAME=Felipe
OS=Windows_NT
PROCESSOR_IDENTIFIER=x86 Family 6 Model 23 Stepping 10, GenuineIntel



---------------  S Y S T E M  ---------------

OS: Windows 7 Build 7600 

CPU:total 2 (cores per cpu 2, threads per core 1) family 6 model 7 stepping 10, cmov, cx8, fxsr, mmx, sse, sse2

Memory: 4k page, physical 2057112k(70412k free), swap 4114224k(926764k free)

vm_info: Java HotSpot(TM) Client VM (1.5.0_22-b03) for windows-x86, built on Oct  9 2009 01:15:45 by "java_re" with MS VC++ 6.0

time: Tue Nov 20 11:16:25 2012
elapsed time: 4647 seconds

