2008.10.30 15:53 B C:\implantacao\CVSROOT\mondrian.war\imagens\1a.gif --> gcom.ipad.com.br /Gerenciamento_de_Configuracao/VERSAO OLAP 30102008/mondrian.war/imagens 1a.gif
2008.10.30 15:53 B C:\implantacao\CVSROOT\mondrian.war\imagens\1c.gif --> gcom.ipad.com.br /Gerenciamento_de_Configuracao/VERSAO OLAP 30102008/mondrian.war/imagens 1c.gif
2008.10.30 15:53 B C:\implantacao\CVSROOT\mondrian.war\imagens\2a.gif --> gcom.ipad.com.br /Gerenciamento_de_Configuracao/VERSAO OLAP 30102008/mondrian.war/imagens 2a.gif
2008.10.30 15:53 B C:\implantacao\CVSROOT\mondrian.war\imagens\2c.gif --> gcom.ipad.com.br /Gerenciamento_de_Configuracao/VERSAO OLAP 30102008/mondrian.war/imagens 2c.gif
2008.10.30 15:53 B C:\implantacao\CVSROOT\mondrian.war\imagens\3a.gif --> gcom.ipad.com.br /Gerenciamento_de_Configuracao/VERSAO OLAP 30102008/mondrian.war/imagens 3a.gif
2008.10.30 15:53 B C:\implantacao\CVSROOT\mondrian.war\imagens\3c.gif --> gcom.ipad.com.br /Gerenciamento_de_Configuracao/VERSAO OLAP 30102008/mondrian.war/imagens 3c.gif
2008.10.30 15:53 B C:\implantacao\CVSROOT\mondrian.war\imagens\4a.gif --> gcom.ipad.com.br /Gerenciamento_de_Configuracao/VERSAO OLAP 30102008/mondrian.war/imagens 4a.gif
2008.10.30 15:53 B C:\implantacao\CVSROOT\mondrian.war\imagens\4c.gif --> gcom.ipad.com.br /Gerenciamento_de_Configuracao/VERSAO OLAP 30102008/mondrian.war/imagens 4c.gif
2008.10.30 15:53 B C:\implantacao\CVSROOT\mondrian.war\imagens\5a.gif --> gcom.ipad.com.br /Gerenciamento_de_Configuracao/VERSAO OLAP 30102008/mondrian.war/imagens 5a.gif
2008.10.30 15:53 B C:\implantacao\CVSROOT\mondrian.war\imagens\5c.gif --> gcom.ipad.com.br /Gerenciamento_de_Configuracao/VERSAO OLAP 30102008/mondrian.war/imagens 5c.gif
2008.10.30 15:53 B C:\implantacao\CVSROOT\mondrian.war\imagens\6a.gif --> gcom.ipad.com.br /Gerenciamento_de_Configuracao/VERSAO OLAP 30102008/mondrian.war/imagens 6a.gif
2008.10.30 15:53 B C:\implantacao\CVSROOT\mondrian.war\imagens\6c.gif --> gcom.ipad.com.br /Gerenciamento_de_Configuracao/VERSAO OLAP 30102008/mondrian.war/imagens 6c.gif
2008.10.30 15:53 B C:\implantacao\CVSROOT\mondrian.war\imagens\7a.gif --> gcom.ipad.com.br /Gerenciamento_de_Configuracao/VERSAO OLAP 30102008/mondrian.war/imagens 7a.gif
2008.10.30 15:53 B C:\implantacao\CVSROOT\mondrian.war\imagens\7a.psd --> gcom.ipad.com.br /Gerenciamento_de_Configuracao/VERSAO OLAP 30102008/mondrian.war/imagens 7a.psd
2008.10.30 15:53 B C:\implantacao\CVSROOT\mondrian.war\imagens\7c.gif --> gcom.ipad.com.br /Gerenciamento_de_Configuracao/VERSAO OLAP 30102008/mondrian.war/imagens 7c.gif
2008.10.30 15:53 B C:\implantacao\CVSROOT\mondrian.war\imagens\8a.gif --> gcom.ipad.com.br /Gerenciamento_de_Configuracao/VERSAO OLAP 30102008/mondrian.war/imagens 8a.gif
2008.10.30 15:53 B C:\implantacao\CVSROOT\mondrian.war\imagens\8c.gif --> gcom.ipad.com.br /Gerenciamento_de_Configuracao/VERSAO OLAP 30102008/mondrian.war/imagens 8c.gif
2008.10.30 15:53 B C:\implantacao\CVSROOT\mondrian.war\imagens\abaManter.JPG --> gcom.ipad.com.br /Gerenciamento_de_Configuracao/VERSAO OLAP 30102008/mondrian.war/imagens abaManter.JPG
2008.10.30 15:53 B C:\implantacao\CVSROOT\mondrian.war\imagens\abaTela1.JPG --> gcom.ipad.com.br /Gerenciamento_de_Configuracao/VERSAO OLAP 30102008/mondrian.war/imagens abaTela1.JPG
2008.10.30 15:53 B C:\implantacao\CVSROOT\mondrian.war\imagens\abaTela2.JPG --> gcom.ipad.com.br /Gerenciamento_de_Configuracao/VERSAO OLAP 30102008/mondrian.war/imagens abaTela2.JPG
2008.10.30 15:53 B C:\implantacao\CVSROOT\mondrian.war\imagens\AcessosGrupoUltimaAbaA.gif --> gcom.ipad.com.br /Gerenciamento_de_Configuracao/VERSAO OLAP 30102008/mondrian.war/imagens AcessosGrupoUltimaAbaA.gif
2008.10.30 15:53 B C:\implantacao\CVSROOT\mondrian.war\imagens\AcessosGrupoUltimaAbaD.gif --> gcom.ipad.com.br /Gerenciamento_de_Configuracao/VERSAO OLAP 30102008/mondrian.war/imagens AcessosGrupoUltimaAbaD.gif
2008.10.30 15:53 B C:\implantacao\CVSROOT\mondrian.war\imagens\AcessosUsuarioUltimaAbaA.gif --> gcom.ipad.com.br /Gerenciamento_de_Configuracao/VERSAO OLAP 30102008/mondrian.war/imagens AcessosUsuarioUltimaAbaA.gif
2008.10.30 15:53 B C:\implantacao\CVSROOT\mondrian.war\imagens\AcessosUsuarioUltimaAbaD.gif --> gcom.ipad.com.br /Gerenciamento_de_Configuracao/VERSAO OLAP 30102008/mondrian.war/imagens AcessosUsuarioUltimaAbaD.gif
2008.10.30 15:53 B C:\implantacao\CVSROOT\mondrian.war\imagens\addfav_icon.gif --> gcom.ipad.com.br /Gerenciamento_de_Configuracao/VERSAO OLAP 30102008/mondrian.war/imagens addfav_icon.gif
2008.10.30 15:53 B C:\implantacao\CVSROOT\mondrian.war\imagens\adicaoVerde.gif --> gcom.ipad.com.br /Gerenciamento_de_Configuracao/VERSAO OLAP 30102008/mondrian.war/imagens adicaoVerde.gif
2008.10.30 15:53 B C:\implantacao\CVSROOT\mondrian.war\imagens\adicionar.JPG --> gcom.ipad.com.br /Gerenciamento_de_Configuracao/VERSAO OLAP 30102008/mondrian.war/imagens adicionar.JPG
2008.10.30 15:53 B C:\implantacao\CVSROOT\mondrian.war\imagens\alerta.gif --> gcom.ipad.com.br /Gerenciamento_de_Configuracao/VERSAO OLAP 30102008/mondrian.war/imagens alerta.gif
2008.10.30 15:53 B C:\implantacao\CVSROOT\mondrian.war\imagens\alterar.JPG --> gcom.ipad.com.br /Gerenciamento_de_Configuracao/VERSAO OLAP 30102008/mondrian.war/imagens alterar.JPG
2008.10.30 15:53 B C:\implantacao\CVSROOT\mondrian.war\imagens\alterarDadosFaturamento.JPG --> gcom.ipad.com.br /Gerenciamento_de_Configuracao/VERSAO OLAP 30102008/mondrian.war/imagens alterarDadosFaturamento.JPG
2008.10.30 15:53 B C:\implantacao\CVSROOT\mondrian.war\imagens\alterarVencimento.JPG --> gcom.ipad.com.br /Gerenciamento_de_Configuracao/VERSAO OLAP 30102008/mondrian.war/imagens alterarVencimento.JPG
2008.10.30 15:53 B C:\implantacao\CVSROOT\mondrian.war\imagens\AnaliseLigacaoConsumoIntervaloAbaA.gif --> gcom.ipad.com.br /Gerenciamento_de_Configuracao/VERSAO OLAP 30102008/mondrian.war/imagens AnaliseLigacaoConsumoIntervaloAbaA.gif
2008.10.30 15:53 B C:\implantacao\CVSROOT\mondrian.war\imagens\AnaliseLigacaoConsumoIntervaloAbaD.gif --> gcom.ipad.com.br /Gerenciamento_de_Configuracao/VERSAO OLAP 30102008/mondrian.war/imagens AnaliseLigacaoConsumoIntervaloAbaD.gif
2008.10.30 15:53 B C:\implantacao\CVSROOT\mondrian.war\imagens\AnormalidadeA.gif --> gcom.ipad.com.br /Gerenciamento_de_Configuracao/VERSAO OLAP 30102008/mondrian.war/imagens AnormalidadeA.gif
2008.10.30 15:53 B C:\implantacao\CVSROOT\mondrian.war\imagens\AnormalidadeD.gif --> gcom.ipad.com.br /Gerenciamento_de_Configuracao/VERSAO OLAP 30102008/mondrian.war/imagens AnormalidadeD.gif
2008.10.30 15:53 B C:\implantacao\CVSROOT\mondrian.war\imagens\aplicar.jpg --> gcom.ipad.com.br /Gerenciamento_de_Configuracao/VERSAO OLAP 30102008/mondrian.war/imagens aplicar.jpg
2008.10.30 15:53 B C:\implantacao\CVSROOT\mondrian.war\imagens\ArrecadadorA.gif --> gcom.ipad.com.br /Gerenciamento_de_Configuracao/VERSAO OLAP 30102008/mondrian.war/imagens ArrecadadorA.gif
2008.10.30 15:53 B C:\implantacao\CVSROOT\mondrian.war\imagens\ArrecadadorD.gif --> gcom.ipad.com.br /Gerenciamento_de_Configuracao/VERSAO OLAP 30102008/mondrian.war/imagens ArrecadadorD.gif
2008.10.30 15:53 B C:\implantacao\CVSROOT\mondrian.war\imagens\ArrecadadorIntervaloAbaA.gif --> gcom.ipad.com.br /Gerenciamento_de_Configuracao/VERSAO OLAP 30102008/mondrian.war/imagens ArrecadadorIntervaloAbaA.gif
2008.10.30 15:53 B C:\implantacao\CVSROOT\mondrian.war\imagens\ArrecadadorIntervaloAbaD.gif --> gcom.ipad.com.br /Gerenciamento_de_Configuracao/VERSAO OLAP 30102008/mondrian.war/imagens ArrecadadorIntervaloAbaD.gif
2008.10.30 15:53 B C:\implantacao\CVSROOT\mondrian.war\imagens\atencao.gif --> gcom.ipad.com.br /Gerenciamento_de_Configuracao/VERSAO OLAP 30102008/mondrian.war/imagens atencao.gif
2008.10.30 15:53 B C:\implantacao\CVSROOT\mondrian.war\imagens\atualizar.JPG --> gcom.ipad.com.br /Gerenciamento_de_Configuracao/VERSAO OLAP 30102008/mondrian.war/imagens atualizar.JPG
2008.10.30 15:53 B C:\implantacao\CVSROOT\mondrian.war\imagens\atualizarConjunto.JPG --> gcom.ipad.com.br /Gerenciamento_de_Configuracao/VERSAO OLAP 30102008/mondrian.war/imagens atualizarConjunto.JPG
2008.10.30 15:53 B C:\implantacao\CVSROOT\mondrian.war\imagens\atualizarTipoRateio.JPG --> gcom.ipad.com.br /Gerenciamento_de_Configuracao/VERSAO OLAP 30102008/mondrian.war/imagens atualizarTipoRateio.JPG
2008.10.30 15:53 B C:\implantacao\CVSROOT\mondrian.war\imagens\avacarbt.JPG --> gcom.ipad.com.br /Gerenciamento_de_Configuracao/VERSAO OLAP 30102008/mondrian.war/imagens avacarbt.JPG
2008.10.30 15:53 B C:\implantacao\CVSROOT\mondrian.war\imagens\avancar.gif --> gcom.ipad.com.br /Gerenciamento_de_Configuracao/VERSAO OLAP 30102008/mondrian.war/imagens avancar.gif
2008.10.30 15:53 B C:\implantacao\CVSROOT\mondrian.war\imagens\AvisoBancarioA.gif --> gcom.ipad.com.br /Gerenciamento_de_Configuracao/VERSAO OLAP 30102008/mondrian.war/imagens AvisoBancarioA.gif
2008.10.30 15:53 B C:\implantacao\CVSROOT\mondrian.war\imagens\AvisoBancarioA2.gif --> gcom.ipad.com.br /Gerenciamento_de_Configuracao/VERSAO OLAP 30102008/mondrian.war/imagens AvisoBancarioA2.gif
2008.10.30 15:53 B C:\implantacao\CVSROOT\mondrian.war\imagens\AvisoBancarioD.gif --> gcom.ipad.com.br /Gerenciamento_de_Configuracao/VERSAO OLAP 30102008/mondrian.war/imagens AvisoBancarioD.gif
2008.10.30 15:53 B C:\implantacao\CVSROOT\mondrian.war\imagens\AvisoBancarioD2.gif --> gcom.ipad.com.br /Gerenciamento_de_Configuracao/VERSAO OLAP 30102008/mondrian.war/imagens AvisoBancarioD2.gif
2008.10.30 15:53 B C:\implantacao\CVSROOT\mondrian.war\imagens\back sgqa.psd --> gcom.ipad.com.br /Gerenciamento_de_Configuracao/VERSAO OLAP 30102008/mondrian.war/imagens back sgqa.psd
2008.10.30 15:53 B C:\implantacao\CVSROOT\mondrian.war\imagens\back-sgqa.gif --> gcom.ipad.com.br /Gerenciamento_de_Configuracao/VERSAO OLAP 30102008/mondrian.war/imagens back-sgqa.gif
2008.10.30 15:53 B C:\implantacao\CVSROOT\mondrian.war\imagens\back.gif --> gcom.ipad.com.br /Gerenciamento_de_Configuracao/VERSAO OLAP 30102008/mondrian.war/imagens back.gif
2008.10.30 15:53 B C:\implantacao\CVSROOT\mondrian.war\imagens\background.gif --> gcom.ipad.com.br /Gerenciamento_de_Configuracao/VERSAO OLAP 30102008/mondrian.war/imagens background.gif
2008.10.30 15:53 B C:\implantacao\CVSROOT\mondrian.war\imagens\backgroundPrincipal1.jpg --> gcom.ipad.com.br /Gerenciamento_de_Configuracao/VERSAO OLAP 30102008/mondrian.war/imagens backgroundPrincipal1.jpg
2008.10.30 15:53 B C:\implantacao\CVSROOT\mondrian.war\imagens\backgroundPrincipal2.jpg --> gcom.ipad.com.br /Gerenciamento_de_Configuracao/VERSAO OLAP 30102008/mondrian.war/imagens backgroundPrincipal2.jpg
2008.10.30 15:53 B C:\implantacao\CVSROOT\mondrian.war\imagens\backgroundPrincipal3.jpg --> gcom.ipad.com.br /Gerenciamento_de_Configuracao/VERSAO OLAP 30102008/mondrian.war/imagens backgroundPrincipal3.jpg
2008.10.30 15:53 B C:\implantacao\CVSROOT\mondrian.war\imagens\backgroundsuperior.gif --> gcom.ipad.com.br /Gerenciamento_de_Configuracao/VERSAO OLAP 30102008/mondrian.war/imagens backgroundsuperior.gif
2008.10.30 15:53 B C:\implantacao\CVSROOT\mondrian.war\imagens\ball.gif --> gcom.ipad.com.br /Gerenciamento_de_Configuracao/VERSAO OLAP 30102008/mondrian.war/imagens ball.gif
2008.10.30 15:53 B C:\implantacao\CVSROOT\mondrian.war\imagens\base.gif --> gcom.ipad.com.br /Gerenciamento_de_Configuracao/VERSAO OLAP 30102008/mondrian.war/imagens base.gif
2008.10.30 15:53 B C:\implantacao\CVSROOT\mondrian.war\imagens\borracha.gif --> gcom.ipad.com.br /Gerenciamento_de_Configuracao/VERSAO OLAP 30102008/mondrian.war/imagens borracha.gif
2008.10.30 15:53 B C:\implantacao\CVSROOT\mondrian.war\imagens\botaoRelatorio.JPG --> gcom.ipad.com.br /Gerenciamento_de_Configuracao/VERSAO OLAP 30102008/mondrian.war/imagens botaoRelatorio.JPG
2008.10.30 15:53 B C:\implantacao\CVSROOT\mondrian.war\imagens\bullet.gif --> gcom.ipad.com.br /Gerenciamento_de_Configuracao/VERSAO OLAP 30102008/mondrian.war/imagens bullet.gif
2008.10.30 15:53 B C:\implantacao\CVSROOT\mondrian.war\imagens\button.jpg --> gcom.ipad.com.br /Gerenciamento_de_Configuracao/VERSAO OLAP 30102008/mondrian.war/imagens button.jpg
2008.10.30 15:53 B C:\implantacao\CVSROOT\mondrian.war\imagens\calcular.JPG --> gcom.ipad.com.br /Gerenciamento_de_Configuracao/VERSAO OLAP 30102008/mondrian.war/imagens calcular.JPG
2008.10.30 15:53 B C:\implantacao\CVSROOT\mondrian.war\imagens\calcularPrestacao.jpg --> gcom.ipad.com.br /Gerenciamento_de_Configuracao/VERSAO OLAP 30102008/mondrian.war/imagens calcularPrestacao.jpg
2008.10.30 15:53 B C:\implantacao\CVSROOT\mondrian.war\imagens\calendar.gif --> gcom.ipad.com.br /Gerenciamento_de_Configuracao/VERSAO OLAP 30102008/mondrian.war/imagens calendar.gif
2008.10.30 15:53 B C:\implantacao\CVSROOT\mondrian.war\imagens\calendar.psd --> gcom.ipad.com.br /Gerenciamento_de_Configuracao/VERSAO OLAP 30102008/mondrian.war/imagens calendar.psd
2008.10.30 15:53 B C:\implantacao\CVSROOT\mondrian.war\imagens\calendar2.png --> gcom.ipad.com.br /Gerenciamento_de_Configuracao/VERSAO OLAP 30102008/mondrian.war/imagens calendar2.png
2008.10.30 15:53 B C:\implantacao\CVSROOT\mondrian.war\imagens\calendario.gif --> gcom.ipad.com.br /Gerenciamento_de_Configuracao/VERSAO OLAP 30102008/mondrian.war/imagens calendario.gif
2008.10.30 15:53 B C:\implantacao\CVSROOT\mondrian.war\imagens\calendario.jpeg --> gcom.ipad.com.br /Gerenciamento_de_Configuracao/VERSAO OLAP 30102008/mondrian.war/imagens calendario.jpeg
2008.10.30 15:53 B C:\implantacao\CVSROOT\mondrian.war\imagens\calendario2.jpeg --> gcom.ipad.com.br /Gerenciamento_de_Configuracao/VERSAO OLAP 30102008/mondrian.war/imagens calendario2.jpeg
2008.10.30 15:53 B C:\implantacao\CVSROOT\mondrian.war\imagens\calendario3.jpeg --> gcom.ipad.com.br /Gerenciamento_de_Configuracao/VERSAO OLAP 30102008/mondrian.war/imagens calendario3.jpeg
2008.10.30 15:53 B C:\implantacao\CVSROOT\mondrian.war\imagens\calendario4.jpeg --> gcom.ipad.com.br /Gerenciamento_de_Configuracao/VERSAO OLAP 30102008/mondrian.war/imagens calendario4.jpeg
2008.10.30 15:53 B C:\implantacao\CVSROOT\mondrian.war\imagens\cancelar.JPG --> gcom.ipad.com.br /Gerenciamento_de_Configuracao/VERSAO OLAP 30102008/mondrian.war/imagens cancelar.JPG
2008.10.30 15:53 B C:\implantacao\CVSROOT\mondrian.war\imagens\cancelarConta.JPG --> gcom.ipad.com.br /Gerenciamento_de_Configuracao/VERSAO OLAP 30102008/mondrian.war/imagens cancelarConta.JPG
2008.10.30 15:53 B C:\implantacao\CVSROOT\mondrian.war\imagens\cancelarCredito.jpg --> gcom.ipad.com.br /Gerenciamento_de_Configuracao/VERSAO OLAP 30102008/mondrian.war/imagens cancelarCredito.jpg
2008.10.30 15:53 B C:\implantacao\CVSROOT\mondrian.war\imagens\cancelarDebito.jpg --> gcom.ipad.com.br /Gerenciamento_de_Configuracao/VERSAO OLAP 30102008/mondrian.war/imagens cancelarDebito.jpg
2008.10.30 15:53 B C:\implantacao\CVSROOT\mondrian.war\imagens\cancelarGuiasPagamento.jpg --> gcom.ipad.com.br /Gerenciamento_de_Configuracao/VERSAO OLAP 30102008/mondrian.war/imagens cancelarGuiasPagamento.jpg
2008.10.30 15:53 B C:\implantacao\CVSROOT\mondrian.war\imagens\CaracteristicaA.gif --> gcom.ipad.com.br /Gerenciamento_de_Configuracao/VERSAO OLAP 30102008/mondrian.war/imagens CaracteristicaA.gif
2008.10.30 15:53 B C:\implantacao\CVSROOT\mondrian.war\imagens\CaracteristicaD.gif --> gcom.ipad.com.br /Gerenciamento_de_Configuracao/VERSAO OLAP 30102008/mondrian.war/imagens CaracteristicaD.gif
2008.10.30 15:53 B C:\implantacao\CVSROOT\mondrian.war\imagens\CategoriaIntervaloAbaA.gif --> gcom.ipad.com.br /Gerenciamento_de_Configuracao/VERSAO OLAP 30102008/mondrian.war/imagens CategoriaIntervaloAbaA.gif
2008.10.30 15:53 B C:\implantacao\CVSROOT\mondrian.war\imagens\CategoriaIntervaloAbaD.gif --> gcom.ipad.com.br /Gerenciamento_de_Configuracao/VERSAO OLAP 30102008/mondrian.war/imagens CategoriaIntervaloAbaD.gif
2008.10.30 15:53 B C:\implantacao\CVSROOT\mondrian.war\imagens\cd.gif --> gcom.ipad.com.br /Gerenciamento_de_Configuracao/VERSAO OLAP 30102008/mondrian.war/imagens cd.gif
2008.10.30 15:53 B C:\implantacao\CVSROOT\mondrian.war\imagens\cepInicialMunicipioBt.JPG --> gcom.ipad.com.br /Gerenciamento_de_Configuracao/VERSAO OLAP 30102008/mondrian.war/imagens cepInicialMunicipioBt.JPG
2008.10.30 15:53 B C:\implantacao\CVSROOT\mondrian.war\imagens\check.gif --> gcom.ipad.com.br /Gerenciamento_de_Configuracao/VERSAO OLAP 30102008/mondrian.war/imagens check.gif
2008.10.30 15:53 B C:\implantacao\CVSROOT\mondrian.war\imagens\check2.gif --> gcom.ipad.com.br /Gerenciamento_de_Configuracao/VERSAO OLAP 30102008/mondrian.war/imagens check2.gif
2008.10.30 15:53 B C:\implantacao\CVSROOT\mondrian.war\imagens\ClienteA.gif --> gcom.ipad.com.br /Gerenciamento_de_Configuracao/VERSAO OLAP 30102008/mondrian.war/imagens ClienteA.gif
2008.10.30 15:53 B C:\implantacao\CVSROOT\mondrian.war\imagens\ClienteD.gif --> gcom.ipad.com.br /Gerenciamento_de_Configuracao/VERSAO OLAP 30102008/mondrian.war/imagens ClienteD.gif
2008.10.30 15:53 B C:\implantacao\CVSROOT\mondrian.war\imagens\ClienteEnderecoA.gif --> gcom.ipad.com.br /Gerenciamento_de_Configuracao/VERSAO OLAP 30102008/mondrian.war/imagens ClienteEnderecoA.gif
2008.10.30 15:53 B C:\implantacao\CVSROOT\mondrian.war\imagens\ClienteEnderecoD.gif --> gcom.ipad.com.br /Gerenciamento_de_Configuracao/VERSAO OLAP 30102008/mondrian.war/imagens ClienteEnderecoD.gif
2008.10.30 15:53 B C:\implantacao\CVSROOT\mondrian.war\imagens\ClienteNomeTipoA.gif --> gcom.ipad.com.br /Gerenciamento_de_Configuracao/VERSAO OLAP 30102008/mondrian.war/imagens ClienteNomeTipoA.gif
2008.10.30 15:53 B C:\implantacao\CVSROOT\mondrian.war\imagens\ClienteNomeTipoD.gif --> gcom.ipad.com.br /Gerenciamento_de_Configuracao/VERSAO OLAP 30102008/mondrian.war/imagens ClienteNomeTipoD.gif
2008.10.30 15:53 B C:\implantacao\CVSROOT\mondrian.war\imagens\ClientePessoaA.gif --> gcom.ipad.com.br /Gerenciamento_de_Configuracao/VERSAO OLAP 30102008/mondrian.war/imagens ClientePessoaA.gif
2008.10.30 15:53 B C:\implantacao\CVSROOT\mondrian.war\imagens\ClientePessoaD.gif --> gcom.ipad.com.br /Gerenciamento_de_Configuracao/VERSAO OLAP 30102008/mondrian.war/imagens ClientePessoaD.gif
2008.10.30 15:53 B C:\implantacao\CVSROOT\mondrian.war\imagens\ClientesImoveisA.gif --> gcom.ipad.com.br /Gerenciamento_de_Configuracao/VERSAO OLAP 30102008/mondrian.war/imagens ClientesImoveisA.gif
2008.10.30 15:53 B C:\implantacao\CVSROOT\mondrian.war\imagens\ClientesImoveisD.gif --> gcom.ipad.com.br /Gerenciamento_de_Configuracao/VERSAO OLAP 30102008/mondrian.war/imagens ClientesImoveisD.gif
2008.10.30 15:53 B C:\implantacao\CVSROOT\mondrian.war\imagens\ClienteTelefoneA.gif --> gcom.ipad.com.br /Gerenciamento_de_Configuracao/VERSAO OLAP 30102008/mondrian.war/imagens ClienteTelefoneA.gif
2008.10.30 15:53 B C:\implantacao\CVSROOT\mondrian.war\imagens\ClienteTelefoneD.gif --> gcom.ipad.com.br /Gerenciamento_de_Configuracao/VERSAO OLAP 30102008/mondrian.war/imagens ClienteTelefoneD.gif
2008.10.30 15:53 B C:\implantacao\CVSROOT\mondrian.war\imagens\close.gif --> gcom.ipad.com.br /Gerenciamento_de_Configuracao/VERSAO OLAP 30102008/mondrian.war/imagens close.gif
2008.10.30 15:53 B C:\implantacao\CVSROOT\mondrian.war\imagens\colocarRevisao.JPG --> gcom.ipad.com.br /Gerenciamento_de_Configuracao/VERSAO OLAP 30102008/mondrian.war/imagens colocarRevisao.JPG
2008.10.30 15:53 B C:\implantacao\CVSROOT\mondrian.war\imagens\ComandoA.gif --> gcom.ipad.com.br /Gerenciamento_de_Configuracao/VERSAO OLAP 30102008/mondrian.war/imagens ComandoA.gif
2008.10.30 15:53 B C:\implantacao\CVSROOT\mondrian.war\imagens\ComandoD.gif --> gcom.ipad.com.br /Gerenciamento_de_Configuracao/VERSAO OLAP 30102008/mondrian.war/imagens ComandoD.gif
2008.10.30 15:53 B C:\implantacao\CVSROOT\mondrian.war\imagens\compesa.gif --> gcom.ipad.com.br /Gerenciamento_de_Configuracao/VERSAO OLAP 30102008/mondrian.war/imagens compesa.gif
2008.10.30 15:53 B C:\implantacao\CVSROOT\mondrian.war\imagens\compesa.jpg --> gcom.ipad.com.br /Gerenciamento_de_Configuracao/VERSAO OLAP 30102008/mondrian.war/imagens compesa.jpg
2008.10.30 15:53 B C:\implantacao\CVSROOT\mondrian.war\imagens\compesa_rel.bmp --> gcom.ipad.com.br /Gerenciamento_de_Configuracao/VERSAO OLAP 30102008/mondrian.war/imagens compesa_rel.bmp
2008.10.30 15:53 B C:\implantacao\CVSROOT\mondrian.war\imagens\compesa_rel.jpg --> gcom.ipad.com.br /Gerenciamento_de_Configuracao/VERSAO OLAP 30102008/mondrian.war/imagens compesa_rel.jpg
2008.10.30 15:53 B C:\implantacao\CVSROOT\mondrian.war\imagens\concluir.JPG --> gcom.ipad.com.br /Gerenciamento_de_Configuracao/VERSAO OLAP 30102008/mondrian.war/imagens concluir.JPG
2008.10.30 15:53 B C:\implantacao\CVSROOT\mondrian.war\imagens\ConclusaoA.gif --> gcom.ipad.com.br /Gerenciamento_de_Configuracao/VERSAO OLAP 30102008/mondrian.war/imagens ConclusaoA.gif
2008.10.30 15:53 B C:\implantacao\CVSROOT\mondrian.war\imagens\ConclusaoD.gif --> gcom.ipad.com.br /Gerenciamento_de_Configuracao/VERSAO OLAP 30102008/mondrian.war/imagens ConclusaoD.gif
2008.10.30 15:53 B C:\implantacao\CVSROOT\mondrian.war\imagens\consultar.JPG --> gcom.ipad.com.br /Gerenciamento_de_Configuracao/VERSAO OLAP 30102008/mondrian.war/imagens consultar.JPG
2008.10.30 15:53 B C:\implantacao\CVSROOT\mondrian.war\imagens\correios.jpg --> gcom.ipad.com.br /Gerenciamento_de_Configuracao/VERSAO OLAP 30102008/mondrian.war/imagens correios.jpg
2008.10.30 15:53 B C:\implantacao\CVSROOT\mondrian.war\imagens\DadosAdicionaisIntervaloAbaA.gif --> gcom.ipad.com.br /Gerenciamento_de_Configuracao/VERSAO OLAP 30102008/mondrian.war/imagens DadosAdicionaisIntervaloAbaA.gif
2008.10.30 15:53 B C:\implantacao\CVSROOT\mondrian.war\imagens\DadosAdicionaisIntervaloAbaD.gif --> gcom.ipad.com.br /Gerenciamento_de_Configuracao/VERSAO OLAP 30102008/mondrian.war/imagens DadosAdicionaisIntervaloAbaD.gif
2008.10.30 15:53 B C:\implantacao\CVSROOT\mondrian.war\imagens\DadosCadastraisPrimeiraAbaA.gif --> gcom.ipad.com.br /Gerenciamento_de_Configuracao/VERSAO OLAP 30102008/mondrian.war/imagens DadosCadastraisPrimeiraAbaA.gif
2008.10.30 15:53 B C:\implantacao\CVSROOT\mondrian.war\imagens\DadosCadastraisPrimeiraAbaD.gif --> gcom.ipad.com.br /Gerenciamento_de_Configuracao/VERSAO OLAP 30102008/mondrian.war/imagens DadosCadastraisPrimeiraAbaD.gif
2008.10.30 15:53 B C:\implantacao\CVSROOT\mondrian.war\imagens\DadosGeraisPrimeiraAbaA.gif --> gcom.ipad.com.br /Gerenciamento_de_Configuracao/VERSAO OLAP 30102008/mondrian.war/imagens DadosGeraisPrimeiraAbaA.gif
2008.10.30 15:53 B C:\implantacao\CVSROOT\mondrian.war\imagens\DadosGeraisPrimeiraAbaD.gif --> gcom.ipad.com.br /Gerenciamento_de_Configuracao/VERSAO OLAP 30102008/mondrian.war/imagens DadosGeraisPrimeiraAbaD.gif
2008.10.30 15:53 B C:\implantacao\CVSROOT\mondrian.war\imagens\DebitosA.gif --> gcom.ipad.com.br /Gerenciamento_de_Configuracao/VERSAO OLAP 30102008/mondrian.war/imagens DebitosA.gif
2008.10.30 15:53 B C:\implantacao\CVSROOT\mondrian.war\imagens\DebitosD.gif --> gcom.ipad.com.br /Gerenciamento_de_Configuracao/VERSAO OLAP 30102008/mondrian.war/imagens DebitosD.gif
2008.10.30 15:53 B C:\implantacao\CVSROOT\mondrian.war\imagens\DebitosImovelIntervaloAbaA.gif --> gcom.ipad.com.br /Gerenciamento_de_Configuracao/VERSAO OLAP 30102008/mondrian.war/imagens DebitosImovelIntervaloAbaA.gif
2008.10.30 15:53 B C:\implantacao\CVSROOT\mondrian.war\imagens\DebitosImovelIntervaloAbaD.gif --> gcom.ipad.com.br /Gerenciamento_de_Configuracao/VERSAO OLAP 30102008/mondrian.war/imagens DebitosImovelIntervaloAbaD.gif
2008.10.30 15:53 B C:\implantacao\CVSROOT\mondrian.war\imagens\desfazer.JPG --> gcom.ipad.com.br /Gerenciamento_de_Configuracao/VERSAO OLAP 30102008/mondrian.war/imagens desfazer.JPG
2008.10.30 15:53 B C:\implantacao\CVSROOT\mondrian.war\imagens\desfazerCancelamentoRetificacao.jpg --> gcom.ipad.com.br /Gerenciamento_de_Configuracao/VERSAO OLAP 30102008/mondrian.war/imagens desfazerCancelamentoRetificacao.jpg
2008.10.30 15:53 B C:\implantacao\CVSROOT\mondrian.war\imagens\desfazerVinculo.JPG --> gcom.ipad.com.br /Gerenciamento_de_Configuracao/VERSAO OLAP 30102008/mondrian.war/imagens desfazerVinculo.JPG
2008.10.30 15:53 B C:\implantacao\CVSROOT\mondrian.war\imagens\DevolucoesImovelIntervaloAbaA.gif --> gcom.ipad.com.br /Gerenciamento_de_Configuracao/VERSAO OLAP 30102008/mondrian.war/imagens DevolucoesImovelIntervaloAbaA.gif
2008.10.30 15:53 B C:\implantacao\CVSROOT\mondrian.war\imagens\DevolucoesImovelIntervaloAbaD.gif --> gcom.ipad.com.br /Gerenciamento_de_Configuracao/VERSAO OLAP 30102008/mondrian.war/imagens DevolucoesImovelIntervaloAbaD.gif
2008.10.30 15:53 B C:\implantacao\CVSROOT\mondrian.war\imagens\DocumentosCobracaIntervaloAbaA.gif --> gcom.ipad.com.br /Gerenciamento_de_Configuracao/VERSAO OLAP 30102008/mondrian.war/imagens DocumentosCobracaIntervaloAbaA.gif
2008.10.30 15:53 B C:\implantacao\CVSROOT\mondrian.war\imagens\DocumentosCobrancaIntervaloAbaD.gif --> gcom.ipad.com.br /Gerenciamento_de_Configuracao/VERSAO OLAP 30102008/mondrian.war/imagens DocumentosCobrancaIntervaloAbaD.gif
2008.10.30 15:53 B C:\implantacao\CVSROOT\mondrian.war\imagens\DocumentoUltimaAbaA.gif --> gcom.ipad.com.br /Gerenciamento_de_Configuracao/VERSAO OLAP 30102008/mondrian.war/imagens DocumentoUltimaAbaA.gif
2008.10.30 15:53 B C:\implantacao\CVSROOT\mondrian.war\imagens\DocumentoUltimaAbaD.gif --> gcom.ipad.com.br /Gerenciamento_de_Configuracao/VERSAO OLAP 30102008/mondrian.war/imagens DocumentoUltimaAbaD.gif
2008.10.30 15:53 B C:\implantacao\CVSROOT\mondrian.war\imagens\download.JPG --> gcom.ipad.com.br /Gerenciamento_de_Configuracao/VERSAO OLAP 30102008/mondrian.war/imagens download.JPG
2008.10.30 15:53 B C:\implantacao\CVSROOT\mondrian.war\imagens\emitir2ViaConta.JPG --> gcom.ipad.com.br /Gerenciamento_de_Configuracao/VERSAO OLAP 30102008/mondrian.war/imagens emitir2ViaConta.JPG
2008.10.30 15:53 B C:\implantacao\CVSROOT\mondrian.war\imagens\empty.gif --> gcom.ipad.com.br /Gerenciamento_de_Configuracao/VERSAO OLAP 30102008/mondrian.war/imagens empty.gif
2008.10.30 15:53 B C:\implantacao\CVSROOT\mondrian.war\imagens\EnderecoA.gif --> gcom.ipad.com.br /Gerenciamento_de_Configuracao/VERSAO OLAP 30102008/mondrian.war/imagens EnderecoA.gif
2008.10.30 15:53 B C:\implantacao\CVSROOT\mondrian.war\imagens\EnderecoD.gif --> gcom.ipad.com.br /Gerenciamento_de_Configuracao/VERSAO OLAP 30102008/mondrian.war/imagens EnderecoD.gif
2008.10.30 15:53 B C:\implantacao\CVSROOT\mondrian.war\imagens\erro.gif --> gcom.ipad.com.br /Gerenciamento_de_Configuracao/VERSAO OLAP 30102008/mondrian.war/imagens erro.gif
2008.10.30 15:53 B C:\implantacao\CVSROOT\mondrian.war\imagens\erro2.gif --> gcom.ipad.com.br /Gerenciamento_de_Configuracao/VERSAO OLAP 30102008/mondrian.war/imagens erro2.gif
2008.10.30 15:53 B C:\implantacao\CVSROOT\mondrian.war\imagens\Error.gif --> gcom.ipad.com.br /Gerenciamento_de_Configuracao/VERSAO OLAP 30102008/mondrian.war/imagens Error.gif
2008.10.30 15:53 B C:\implantacao\CVSROOT\mondrian.war\imagens\estabelecerVinculo.JPG --> gcom.ipad.com.br /Gerenciamento_de_Configuracao/VERSAO OLAP 30102008/mondrian.war/imagens estabelecerVinculo.JPG
2008.10.30 15:53 B C:\implantacao\CVSROOT\mondrian.war\imagens\f.gif --> gcom.ipad.com.br /Gerenciamento_de_Configuracao/VERSAO OLAP 30102008/mondrian.war/imagens f.gif
2008.10.30 15:53 B C:\implantacao\CVSROOT\mondrian.war\imagens\FaturamentoCobrancaA.gif --> gcom.ipad.com.br /Gerenciamento_de_Configuracao/VERSAO OLAP 30102008/mondrian.war/imagens FaturamentoCobrancaA.gif
2008.10.30 15:53 B C:\implantacao\CVSROOT\mondrian.war\imagens\FaturamentoCobrancaD.gif --> gcom.ipad.com.br /Gerenciamento_de_Configuracao/VERSAO OLAP 30102008/mondrian.war/imagens FaturamentoCobrancaD.gif
2008.10.30 15:53 B C:\implantacao\CVSROOT\mondrian.war\imagens\faturamentoSituacaoEspecialInserirMensagem.JPG --> gcom.ipad.com.br /Gerenciamento_de_Configuracao/VERSAO OLAP 30102008/mondrian.war/imagens faturamentoSituacaoEspecialInserirMensagem.JPG
2008.10.30 15:53 B C:\implantacao\CVSROOT\mondrian.war\imagens\faturamentoSituacaoEspecialRetirarMensagem.JPG --> gcom.ipad.com.br /Gerenciamento_de_Configuracao/VERSAO OLAP 30102008/mondrian.war/imagens faturamentoSituacaoEspecialRetirarMensagem.JPG
2008.10.30 15:53 B C:\implantacao\CVSROOT\mondrian.war\imagens\fechar.gif --> gcom.ipad.com.br /Gerenciamento_de_Configuracao/VERSAO OLAP 30102008/mondrian.war/imagens fechar.gif
2008.10.30 15:53 B C:\implantacao\CVSROOT\mondrian.war\imagens\fechar.JPG --> gcom.ipad.com.br /Gerenciamento_de_Configuracao/VERSAO OLAP 30102008/mondrian.war/imagens fechar.JPG
2008.10.30 15:53 B C:\implantacao\CVSROOT\mondrian.war\imagens\filtrar.JPG --> gcom.ipad.com.br /Gerenciamento_de_Configuracao/VERSAO OLAP 30102008/mondrian.war/imagens filtrar.JPG
2008.10.30 15:53 B C:\implantacao\CVSROOT\mondrian.war\imagens\folder.gif --> gcom.ipad.com.br /Gerenciamento_de_Configuracao/VERSAO OLAP 30102008/mondrian.war/imagens folder.gif
2008.10.30 15:53 B C:\implantacao\CVSROOT\mondrian.war\imagens\folderopen.gif --> gcom.ipad.com.br /Gerenciamento_de_Configuracao/VERSAO OLAP 30102008/mondrian.war/imagens folderopen.gif
2008.10.30 15:53 B C:\implantacao\CVSROOT\mondrian.war\imagens\forward.gif --> gcom.ipad.com.br /Gerenciamento_de_Configuracao/VERSAO OLAP 30102008/mondrian.war/imagens forward.gif
2008.10.30 15:53 B C:\implantacao\CVSROOT\mondrian.war\imagens\g.gif --> gcom.ipad.com.br /Gerenciamento_de_Configuracao/VERSAO OLAP 30102008/mondrian.war/imagens g.gif
2008.10.30 15:53 B C:\implantacao\CVSROOT\mondrian.war\imagens\gcom.gif --> gcom.ipad.com.br /Gerenciamento_de_Configuracao/VERSAO OLAP 30102008/mondrian.war/imagens gcom.gif
2008.10.30 15:53 B C:\implantacao\CVSROOT\mondrian.war\imagens\GerenciaIntervaloAbaA.gif --> gcom.ipad.com.br /Gerenciamento_de_Configuracao/VERSAO OLAP 30102008/mondrian.war/imagens GerenciaIntervaloAbaA.gif
2008.10.30 15:53 B C:\implantacao\CVSROOT\mondrian.war\imagens\GerenciaIntervaloAbaD.gif --> gcom.ipad.com.br /Gerenciamento_de_Configuracao/VERSAO OLAP 30102008/mondrian.war/imagens GerenciaIntervaloAbaD.gif
2008.10.30 15:53 B C:\implantacao\CVSROOT\mondrian.war\imagens\globe.gif --> gcom.ipad.com.br /Gerenciamento_de_Configuracao/VERSAO OLAP 30102008/mondrian.war/imagens globe.gif
2008.10.30 15:53 B C:\implantacao\CVSROOT\mondrian.war\imagens\help.gif --> gcom.ipad.com.br /Gerenciamento_de_Configuracao/VERSAO OLAP 30102008/mondrian.war/imagens help.gif
2008.10.30 15:53 B C:\implantacao\CVSROOT\mondrian.war\imagens\high.gif --> gcom.ipad.com.br /Gerenciamento_de_Configuracao/VERSAO OLAP 30102008/mondrian.war/imagens high.gif
2008.10.30 15:53 B C:\implantacao\CVSROOT\mondrian.war\imagens\hint.JPG --> gcom.ipad.com.br /Gerenciamento_de_Configuracao/VERSAO OLAP 30102008/mondrian.war/imagens hint.JPG
2008.10.30 15:53 B C:\implantacao\CVSROOT\mondrian.war\imagens\HistoricoFaturamentoIntervaloAbaA.gif --> gcom.ipad.com.br /Gerenciamento_de_Configuracao/VERSAO OLAP 30102008/mondrian.war/imagens HistoricoFaturamentoIntervaloAbaA.gif
2008.10.30 15:53 B C:\implantacao\CVSROOT\mondrian.war\imagens\HistoricoFaturamentoIntervaloAbaD.gif --> gcom.ipad.com.br /Gerenciamento_de_Configuracao/VERSAO OLAP 30102008/mondrian.war/imagens HistoricoFaturamentoIntervaloAbaD.gif
2008.10.30 15:53 B C:\implantacao\CVSROOT\mondrian.war\imagens\icon.gif --> gcom.ipad.com.br /Gerenciamento_de_Configuracao/VERSAO OLAP 30102008/mondrian.war/imagens icon.gif
2008.10.30 15:53 B C:\implantacao\CVSROOT\mondrian.war\imagens\imgfolder.gif --> gcom.ipad.com.br /Gerenciamento_de_Configuracao/VERSAO OLAP 30102008/mondrian.war/imagens imgfolder.gif
2008.10.30 15:53 B C:\implantacao\CVSROOT\mondrian.war\imagens\imovelAnterior.JPG --> gcom.ipad.com.br /Gerenciamento_de_Configuracao/VERSAO OLAP 30102008/mondrian.war/imagens imovelAnterior.JPG
2008.10.30 15:53 B C:\implantacao\CVSROOT\mondrian.war\imagens\ImovelPrimeiraAbaA.gif --> gcom.ipad.com.br /Gerenciamento_de_Configuracao/VERSAO OLAP 30102008/mondrian.war/imagens ImovelPrimeiraAbaA.gif
2008.10.30 15:53 B C:\implantacao\CVSROOT\mondrian.war\imagens\ImovelPrimeiraAbaD.gif --> gcom.ipad.com.br /Gerenciamento_de_Configuracao/VERSAO OLAP 30102008/mondrian.war/imagens ImovelPrimeiraAbaD.gif
2008.10.30 15:53 B C:\implantacao\CVSROOT\mondrian.war\imagens\ImovelPrincipalA.gif --> gcom.ipad.com.br /Gerenciamento_de_Configuracao/VERSAO OLAP 30102008/mondrian.war/imagens ImovelPrincipalA.gif
2008.10.30 15:53 B C:\implantacao\CVSROOT\mondrian.war\imagens\ImovelPrincipalD.gif --> gcom.ipad.com.br /Gerenciamento_de_Configuracao/VERSAO OLAP 30102008/mondrian.war/imagens ImovelPrincipalD.gif
2008.10.30 15:53 B C:\implantacao\CVSROOT\mondrian.war\imagens\imprimirGuiaPagamento.jpg --> gcom.ipad.com.br /Gerenciamento_de_Configuracao/VERSAO OLAP 30102008/mondrian.war/imagens imprimirGuiaPagamento.jpg
2008.10.30 15:53 B C:\implantacao\CVSROOT\mondrian.war\imagens\informacao.gif --> gcom.ipad.com.br /Gerenciamento_de_Configuracao/VERSAO OLAP 30102008/mondrian.war/imagens informacao.gif
2008.10.30 15:53 B C:\implantacao\CVSROOT\mondrian.war\imagens\inserir.JPG --> gcom.ipad.com.br /Gerenciamento_de_Configuracao/VERSAO OLAP 30102008/mondrian.war/imagens inserir.JPG
2008.10.30 15:53 B C:\implantacao\CVSROOT\mondrian.war\imagens\inserirVencimento.jpg --> gcom.ipad.com.br /Gerenciamento_de_Configuracao/VERSAO OLAP 30102008/mondrian.war/imagens inserirVencimento.jpg
2008.10.30 15:53 B C:\implantacao\CVSROOT\mondrian.war\imagens\ipadpmss.jpg --> gcom.ipad.com.br /Gerenciamento_de_Configuracao/VERSAO OLAP 30102008/mondrian.war/imagens ipadpmss.jpg
2008.10.30 15:53 B C:\implantacao\CVSROOT\mondrian.war\imagens\JavaHelp_title.gif --> gcom.ipad.com.br /Gerenciamento_de_Configuracao/VERSAO OLAP 30102008/mondrian.war/imagens JavaHelp_title.gif
2008.10.30 15:53 B C:\implantacao\CVSROOT\mondrian.war\imagens\javax.help.IndexView.gif --> gcom.ipad.com.br /Gerenciamento_de_Configuracao/VERSAO OLAP 30102008/mondrian.war/imagens javax.help.IndexView.gif
2008.10.30 15:53 B C:\implantacao\CVSROOT\mondrian.war\imagens\javax.help.SearchView.gif --> gcom.ipad.com.br /Gerenciamento_de_Configuracao/VERSAO OLAP 30102008/mondrian.war/imagens javax.help.SearchView.gif
2008.10.30 15:53 B C:\implantacao\CVSROOT\mondrian.war\imagens\javax.help.TOCView.gif --> gcom.ipad.com.br /Gerenciamento_de_Configuracao/VERSAO OLAP 30102008/mondrian.war/imagens javax.help.TOCView.gif
2008.10.30 15:53 B C:\implantacao\CVSROOT\mondrian.war\imagens\join.gif --> gcom.ipad.com.br /Gerenciamento_de_Configuracao/VERSAO OLAP 30102008/mondrian.war/imagens join.gif
2008.10.30 15:53 B C:\implantacao\CVSROOT\mondrian.war\imagens\joinbottom.gif --> gcom.ipad.com.br /Gerenciamento_de_Configuracao/VERSAO OLAP 30102008/mondrian.war/imagens joinbottom.gif
2008.10.30 15:53 B C:\implantacao\CVSROOT\mondrian.war\imagens\leaf2.gif --> gcom.ipad.com.br /Gerenciamento_de_Configuracao/VERSAO OLAP 30102008/mondrian.war/imagens leaf2.gif
2008.10.30 15:53 B C:\implantacao\CVSROOT\mondrian.war\imagens\lembrar.JPG --> gcom.ipad.com.br /Gerenciamento_de_Configuracao/VERSAO OLAP 30102008/mondrian.war/imagens lembrar.JPG
2008.10.30 15:53 B C:\implantacao\CVSROOT\mondrian.war\imagens\LigacoesConsumosA.gif --> gcom.ipad.com.br /Gerenciamento_de_Configuracao/VERSAO OLAP 30102008/mondrian.war/imagens LigacoesConsumosA.gif
2008.10.30 15:53 B C:\implantacao\CVSROOT\mondrian.war\imagens\LigacoesConsumosD.gif --> gcom.ipad.com.br /Gerenciamento_de_Configuracao/VERSAO OLAP 30102008/mondrian.war/imagens LigacoesConsumosD.gif
2008.10.30 15:53 B C:\implantacao\CVSROOT\mondrian.war\imagens\limparcampo.gif --> gcom.ipad.com.br /Gerenciamento_de_Configuracao/VERSAO OLAP 30102008/mondrian.war/imagens limparcampo.gif
2008.10.30 15:53 B C:\implantacao\CVSROOT\mondrian.war\imagens\limparTela.JPG --> gcom.ipad.com.br /Gerenciamento_de_Configuracao/VERSAO OLAP 30102008/mondrian.war/imagens limparTela.JPG
2008.10.30 15:53 B C:\implantacao\CVSROOT\mondrian.war\imagens\limparTelaEscuro.JPG --> gcom.ipad.com.br /Gerenciamento_de_Configuracao/VERSAO OLAP 30102008/mondrian.war/imagens limparTelaEscuro.JPG
2008.10.30 15:53 B C:\implantacao\CVSROOT\mondrian.war\imagens\line.gif --> gcom.ipad.com.br /Gerenciamento_de_Configuracao/VERSAO OLAP 30102008/mondrian.war/imagens line.gif
2008.10.30 15:53 B C:\implantacao\CVSROOT\mondrian.war\imagens\LocalidadeA.gif --> gcom.ipad.com.br /Gerenciamento_de_Configuracao/VERSAO OLAP 30102008/mondrian.war/imagens LocalidadeA.gif
2008.10.30 15:53 B C:\implantacao\CVSROOT\mondrian.war\imagens\LocalidadeD.gif --> gcom.ipad.com.br /Gerenciamento_de_Configuracao/VERSAO OLAP 30102008/mondrian.war/imagens LocalidadeD.gif
2008.10.30 15:53 B C:\implantacao\CVSROOT\mondrian.war\imagens\LocalizacaoA.gif --> gcom.ipad.com.br /Gerenciamento_de_Configuracao/VERSAO OLAP 30102008/mondrian.war/imagens LocalizacaoA.gif
2008.10.30 15:53 B C:\implantacao\CVSROOT\mondrian.war\imagens\LocalizacaoD.gif --> gcom.ipad.com.br /Gerenciamento_de_Configuracao/VERSAO OLAP 30102008/mondrian.war/imagens LocalizacaoD.gif
2008.10.30 15:53 B C:\implantacao\CVSROOT\mondrian.war\imagens\LocalOcorrenciaIntervaloAbaA.gif --> gcom.ipad.com.br /Gerenciamento_de_Configuracao/VERSAO OLAP 30102008/mondrian.war/imagens LocalOcorrenciaIntervaloAbaA.gif
2008.10.30 15:53 B C:\implantacao\CVSROOT\mondrian.war\imagens\LocalOcorrenciaIntervaloAbaD.gif --> gcom.ipad.com.br /Gerenciamento_de_Configuracao/VERSAO OLAP 30102008/mondrian.war/imagens LocalOcorrenciaIntervaloAbaD.gif
2008.10.30 15:53 B C:\implantacao\CVSROOT\mondrian.war\imagens\login.JPG --> gcom.ipad.com.br /Gerenciamento_de_Configuracao/VERSAO OLAP 30102008/mondrian.war/imagens login.JPG
2008.10.30 15:53 B C:\implantacao\CVSROOT\mondrian.war\imagens\loginBT.JPG --> gcom.ipad.com.br /Gerenciamento_de_Configuracao/VERSAO OLAP 30102008/mondrian.war/imagens loginBT.JPG
2008.10.30 15:53 B C:\implantacao\CVSROOT\mondrian.war\imagens\logo sgqa.psd --> gcom.ipad.com.br /Gerenciamento_de_Configuracao/VERSAO OLAP 30102008/mondrian.war/imagens logo sgqa.psd
2008.10.30 15:53 B C:\implantacao\CVSROOT\mondrian.war\imagens\logo-sgcq.gif --> gcom.ipad.com.br /Gerenciamento_de_Configuracao/VERSAO OLAP 30102008/mondrian.war/imagens logo-sgcq.gif
2008.10.30 15:53 B C:\implantacao\CVSROOT\mondrian.war\imagens\logo-sgcq.psd --> gcom.ipad.com.br /Gerenciamento_de_Configuracao/VERSAO OLAP 30102008/mondrian.war/imagens logo-sgcq.psd
2008.10.30 15:53 B C:\implantacao\CVSROOT\mondrian.war\imagens\logo.gif --> gcom.ipad.com.br /Gerenciamento_de_Configuracao/VERSAO OLAP 30102008/mondrian.war/imagens logo.gif
2008.10.30 15:53 B C:\implantacao\CVSROOT\mondrian.war\imagens\logo_cidades.gif --> gcom.ipad.com.br /Gerenciamento_de_Configuracao/VERSAO OLAP 30102008/mondrian.war/imagens logo_cidades.gif
2008.10.30 15:53 B C:\implantacao\CVSROOT\mondrian.war\imagens\logo_menu_superior.gif --> gcom.ipad.com.br /Gerenciamento_de_Configuracao/VERSAO OLAP 30102008/mondrian.war/imagens logo_menu_superior.gif
2008.10.30 15:53 B C:\implantacao\CVSROOT\mondrian.war\imagens\logo_real.gif --> gcom.ipad.com.br /Gerenciamento_de_Configuracao/VERSAO OLAP 30102008/mondrian.war/imagens logo_real.gif
2008.10.30 15:53 B C:\implantacao\CVSROOT\mondrian.war\imagens\logo_SUN.gif --> gcom.ipad.com.br /Gerenciamento_de_Configuracao/VERSAO OLAP 30102008/mondrian.war/imagens logo_SUN.gif
2008.10.30 15:53 B C:\implantacao\CVSROOT\mondrian.war\imagens\logobradesco.png --> gcom.ipad.com.br /Gerenciamento_de_Configuracao/VERSAO OLAP 30102008/mondrian.war/imagens logobradesco.png
2008.10.30 15:53 B C:\implantacao\CVSROOT\mondrian.war\imagens\logobrasil.png --> gcom.ipad.com.br /Gerenciamento_de_Configuracao/VERSAO OLAP 30102008/mondrian.war/imagens logobrasil.png
